
The following have been reloaded with a version change:
  1) cuda/12.6.0_rocky9 => cuda/11.8.0       4) mpc/1.1.0-mheibzt => mpc/1.3.1
  2) gcc/11.3.0-o2cd4vz => gcc/9.5.0_all     5) mpfr/3.1.6-3ojkize => mpfr/4.2.0
  3) gmp/6.2.1-sh44noy => gmp/6.2.1

[Sun Jun 28 12:32:53 CDT 2026] Training 'lgbm' on asaxg005 | data=/home/aubjpm001/portsDFL/data/training_dataset.csv
2026-06-28 12:33:04,502 INFO Loading dataset...
2026-06-28 12:33:04,621 INFO rows=5589 folds=5 models=['lgbm']
2026-06-28 12:33:04,625 INFO === lgbm (tree, 100 trials) ===
[I 2026-06-28 12:33:05,710] A new study created in RDB with name: lgbm
/home/aubjpm001/.conda/envs/portsdfl-predict/lib/python3.11/site-packages/sklearn/utils/validation.py:2827: UserWarning: X does not have valid feature names, but LGBMRegressor was fitted with feature names
  warnings.warn(
/home/aubjpm001/.conda/envs/portsdfl-predict/lib/python3.11/site-packages/sklearn/utils/validation.py:2827: UserWarning: X does not have valid feature names, but LGBMRegressor was fitted with feature names
  warnings.warn(
/home/aubjpm001/.conda/envs/portsdfl-predict/lib/python3.11/site-packages/sklearn/utils/validation.py:2827: UserWarning: X does not have valid feature names, but LGBMRegressor was fitted with feature names
  warnings.warn(
/home/aubjpm001/.conda/envs/portsdfl-predict/lib/python3.11/site-packages/sklearn/utils/validation.py:2827: UserWarning: X does not have valid feature names, but LGBMRegressor was fitted with feature names
  warnings.warn(
/home/aubjpm001/.conda/envs/portsdfl-predict/lib/python3.11/site-packages/sklearn/utils/validation.py:2827: UserWarning: X does not have valid feature names, but LGBMRegressor was fitted with feature names
  warnings.warn(
[I 2026-06-28 12:33:09,281] Trial 0 finished with value: 12.069752636559794 and parameters: {'learning_rate': 0.008468008575248327, 'num_leaves': 244, 'max_depth': 10, 'min_child_samples': 62, 'subsample': 0.5780093202212182, 'colsample_bytree': 0.5779972601681014, 'reg_lambda': 0.0019517224641449498, 'reg_alpha': 21.42302175774105}. Best is trial 0 with value: 12.069752636559794.
/home/aubjpm001/.conda/envs/portsdfl-predict/lib/python3.11/site-packages/sklearn/utils/validation.py:2827: UserWarning: X does not have valid feature names, but LGBMRegressor was fitted with feature names
  warnings.warn(
/home/aubjpm001/.conda/envs/portsdfl-predict/lib/python3.11/site-packages/sklearn/utils/validation.py:2827: UserWarning: X does not have valid feature names, but LGBMRegressor was fitted with feature names
  warnings.warn(
[I 2026-06-28 12:33:10,102] Trial 1 pruned. 
/home/aubjpm001/.conda/envs/portsdfl-predict/lib/python3.11/site-packages/sklearn/utils/validation.py:2827: UserWarning: X does not have valid feature names, but LGBMRegressor was fitted with feature names
  warnings.warn(
/home/aubjpm001/.conda/envs/portsdfl-predict/lib/python3.11/site-packages/sklearn/utils/validation.py:2827: UserWarning: X does not have valid feature names, but LGBMRegressor was fitted with feature names
  warnings.warn(
/home/aubjpm001/.conda/envs/portsdfl-predict/lib/python3.11/site-packages/sklearn/utils/validation.py:2827: UserWarning: X does not have valid feature names, but LGBMRegressor was fitted with feature names
  warnings.warn(
/home/aubjpm001/.conda/envs/portsdfl-predict/lib/python3.11/site-packages/sklearn/utils/validation.py:2827: UserWarning: X does not have valid feature names, but LGBMRegressor was fitted with feature names
  warnings.warn(
/home/aubjpm001/.conda/envs/portsdfl-predict/lib/python3.11/site-packages/sklearn/utils/validation.py:2827: UserWarning: X does not have valid feature names, but LGBMRegressor was fitted with feature names
  warnings.warn(
[I 2026-06-28 12:33:14,293] Trial 2 finished with value: 11.959118691148026 and parameters: {'learning_rate': 0.005670807781371429, 'num_leaves': 141, 'max_depth': 7, 'min_child_samples': 32, 'subsample': 0.8059264473611898, 'colsample_bytree': 0.569746930326021, 'reg_lambda': 0.028888383623653185, 'reg_alpha': 0.06789053271698488}. Best is trial 2 with value: 11.959118691148026.
/home/aubjpm001/.conda/envs/portsdfl-predict/lib/python3.11/site-packages/sklearn/utils/validation.py:2827: UserWarning: X does not have valid feature names, but LGBMRegressor was fitted with feature names
  warnings.warn(
/home/aubjpm001/.conda/envs/portsdfl-predict/lib/python3.11/site-packages/sklearn/utils/validation.py:2827: UserWarning: X does not have valid feature names, but LGBMRegressor was fitted with feature names
  warnings.warn(
/home/aubjpm001/.conda/envs/portsdfl-predict/lib/python3.11/site-packages/sklearn/utils/validation.py:2827: UserWarning: X does not have valid feature names, but LGBMRegressor was fitted with feature names
  warnings.warn(
/home/aubjpm001/.conda/envs/portsdfl-predict/lib/python3.11/site-packages/sklearn/utils/validation.py:2827: UserWarning: X does not have valid feature names, but LGBMRegressor was fitted with feature names
  warnings.warn(
[I 2026-06-28 12:33:16,116] Trial 3 pruned. 
/home/aubjpm001/.conda/envs/portsdfl-predict/lib/python3.11/site-packages/sklearn/utils/validation.py:2827: UserWarning: X does not have valid feature names, but LGBMRegressor was fitted with feature names
  warnings.warn(
/home/aubjpm001/.conda/envs/portsdfl-predict/lib/python3.11/site-packages/sklearn/utils/validation.py:2827: UserWarning: X does not have valid feature names, but LGBMRegressor was fitted with feature names
  warnings.warn(
/home/aubjpm001/.conda/envs/portsdfl-predict/lib/python3.11/site-packages/sklearn/utils/validation.py:2827: UserWarning: X does not have valid feature names, but LGBMRegressor was fitted with feature names
  warnings.warn(
/home/aubjpm001/.conda/envs/portsdfl-predict/lib/python3.11/site-packages/sklearn/utils/validation.py:2827: UserWarning: X does not have valid feature names, but LGBMRegressor was fitted with feature names
  warnings.warn(
[I 2026-06-28 12:33:21,104] Trial 4 pruned. 
/home/aubjpm001/.conda/envs/portsdfl-predict/lib/python3.11/site-packages/sklearn/utils/validation.py:2827: UserWarning: X does not have valid feature names, but LGBMRegressor was fitted with feature names
  warnings.warn(
/home/aubjpm001/.conda/envs/portsdfl-predict/lib/python3.11/site-packages/sklearn/utils/validation.py:2827: UserWarning: X does not have valid feature names, but LGBMRegressor was fitted with feature names
  warnings.warn(
[I 2026-06-28 12:33:22,493] Trial 5 pruned. 
/home/aubjpm001/.conda/envs/portsdfl-predict/lib/python3.11/site-packages/sklearn/utils/validation.py:2827: UserWarning: X does not have valid feature names, but LGBMRegressor was fitted with feature names
  warnings.warn(
/home/aubjpm001/.conda/envs/portsdfl-predict/lib/python3.11/site-packages/sklearn/utils/validation.py:2827: UserWarning: X does not have valid feature names, but LGBMRegressor was fitted with feature names
  warnings.warn(
/home/aubjpm001/.conda/envs/portsdfl-predict/lib/python3.11/site-packages/sklearn/utils/validation.py:2827: UserWarning: X does not have valid feature names, but LGBMRegressor was fitted with feature names
  warnings.warn(
/home/aubjpm001/.conda/envs/portsdfl-predict/lib/python3.11/site-packages/sklearn/utils/validation.py:2827: UserWarning: X does not have valid feature names, but LGBMRegressor was fitted with feature names
  warnings.warn(
[I 2026-06-28 12:33:24,243] Trial 6 pruned. 
/home/aubjpm001/.conda/envs/portsdfl-predict/lib/python3.11/site-packages/sklearn/utils/validation.py:2827: UserWarning: X does not have valid feature names, but LGBMRegressor was fitted with feature names
  warnings.warn(
/home/aubjpm001/.conda/envs/portsdfl-predict/lib/python3.11/site-packages/sklearn/utils/validation.py:2827: UserWarning: X does not have valid feature names, but LGBMRegressor was fitted with feature names
  warnings.warn(
[I 2026-06-28 12:33:25,618] Trial 7 pruned. 
/home/aubjpm001/.conda/envs/portsdfl-predict/lib/python3.11/site-packages/sklearn/utils/validation.py:2827: UserWarning: X does not have valid feature names, but LGBMRegressor was fitted with feature names
  warnings.warn(
/home/aubjpm001/.conda/envs/portsdfl-predict/lib/python3.11/site-packages/sklearn/utils/validation.py:2827: UserWarning: X does not have valid feature names, but LGBMRegressor was fitted with feature names
  warnings.warn(
/home/aubjpm001/.conda/envs/portsdfl-predict/lib/python3.11/site-packages/sklearn/utils/validation.py:2827: UserWarning: X does not have valid feature names, but LGBMRegressor was fitted with feature names
  warnings.warn(
/home/aubjpm001/.conda/envs/portsdfl-predict/lib/python3.11/site-packages/sklearn/utils/validation.py:2827: UserWarning: X does not have valid feature names, but LGBMRegressor was fitted with feature names
  warnings.warn(
[I 2026-06-28 12:33:28,528] Trial 8 pruned. 
/home/aubjpm001/.conda/envs/portsdfl-predict/lib/python3.11/site-packages/sklearn/utils/validation.py:2827: UserWarning: X does not have valid feature names, but LGBMRegressor was fitted with feature names
  warnings.warn(
/home/aubjpm001/.conda/envs/portsdfl-predict/lib/python3.11/site-packages/sklearn/utils/validation.py:2827: UserWarning: X does not have valid feature names, but LGBMRegressor was fitted with feature names
  warnings.warn(
[I 2026-06-28 12:33:31,851] Trial 9 pruned. 
/home/aubjpm001/.conda/envs/portsdfl-predict/lib/python3.11/site-packages/sklearn/utils/validation.py:2827: UserWarning: X does not have valid feature names, but LGBMRegressor was fitted with feature names
  warnings.warn(
/home/aubjpm001/.conda/envs/portsdfl-predict/lib/python3.11/site-packages/sklearn/utils/validation.py:2827: UserWarning: X does not have valid feature names, but LGBMRegressor was fitted with feature names
  warnings.warn(
/home/aubjpm001/.conda/envs/portsdfl-predict/lib/python3.11/site-packages/sklearn/utils/validation.py:2827: UserWarning: X does not have valid feature names, but LGBMRegressor was fitted with feature names
  warnings.warn(
/home/aubjpm001/.conda/envs/portsdfl-predict/lib/python3.11/site-packages/sklearn/utils/validation.py:2827: UserWarning: X does not have valid feature names, but LGBMRegressor was fitted with feature names
  warnings.warn(
[I 2026-06-28 12:33:32,593] Trial 10 pruned. 
/home/aubjpm001/.conda/envs/portsdfl-predict/lib/python3.11/site-packages/sklearn/utils/validation.py:2827: UserWarning: X does not have valid feature names, but LGBMRegressor was fitted with feature names
  warnings.warn(
/home/aubjpm001/.conda/envs/portsdfl-predict/lib/python3.11/site-packages/sklearn/utils/validation.py:2827: UserWarning: X does not have valid feature names, but LGBMRegressor was fitted with feature names
  warnings.warn(
/home/aubjpm001/.conda/envs/portsdfl-predict/lib/python3.11/site-packages/sklearn/utils/validation.py:2827: UserWarning: X does not have valid feature names, but LGBMRegressor was fitted with feature names
  warnings.warn(
/home/aubjpm001/.conda/envs/portsdfl-predict/lib/python3.11/site-packages/sklearn/utils/validation.py:2827: UserWarning: X does not have valid feature names, but LGBMRegressor was fitted with feature names
  warnings.warn(
/home/aubjpm001/.conda/envs/portsdfl-predict/lib/python3.11/site-packages/sklearn/utils/validation.py:2827: UserWarning: X does not have valid feature names, but LGBMRegressor was fitted with feature names
  warnings.warn(
[I 2026-06-28 12:33:36,151] Trial 11 finished with value: 12.057983098408823 and parameters: {'learning_rate': 0.0067503803992537414, 'num_leaves': 253, 'max_depth': 8, 'min_child_samples': 32, 'subsample': 0.5141901574167378, 'colsample_bytree': 0.6891044542005276, 'reg_lambda': 0.0017101919636156055, 'reg_alpha': 47.622191863434864}. Best is trial 2 with value: 11.959118691148026.
/home/aubjpm001/.conda/envs/portsdfl-predict/lib/python3.11/site-packages/sklearn/utils/validation.py:2827: UserWarning: X does not have valid feature names, but LGBMRegressor was fitted with feature names
  warnings.warn(
/home/aubjpm001/.conda/envs/portsdfl-predict/lib/python3.11/site-packages/sklearn/utils/validation.py:2827: UserWarning: X does not have valid feature names, but LGBMRegressor was fitted with feature names
  warnings.warn(
/home/aubjpm001/.conda/envs/portsdfl-predict/lib/python3.11/site-packages/sklearn/utils/validation.py:2827: UserWarning: X does not have valid feature names, but LGBMRegressor was fitted with feature names
  warnings.warn(
/home/aubjpm001/.conda/envs/portsdfl-predict/lib/python3.11/site-packages/sklearn/utils/validation.py:2827: UserWarning: X does not have valid feature names, but LGBMRegressor was fitted with feature names
  warnings.warn(
/home/aubjpm001/.conda/envs/portsdfl-predict/lib/python3.11/site-packages/sklearn/utils/validation.py:2827: UserWarning: X does not have valid feature names, but LGBMRegressor was fitted with feature names
  warnings.warn(
[I 2026-06-28 12:33:37,341] Trial 12 finished with value: 11.963232680167705 and parameters: {'learning_rate': 0.05460184020526564, 'num_leaves': 132, 'max_depth': 7, 'min_child_samples': 25, 'subsample': 0.787774089033195, 'colsample_bytree': 0.6767207670761684, 'reg_lambda': 0.0012738807434059557, 'reg_alpha': 2.421532434653723}. Best is trial 2 with value: 11.959118691148026.
/home/aubjpm001/.conda/envs/portsdfl-predict/lib/python3.11/site-packages/sklearn/utils/validation.py:2827: UserWarning: X does not have valid feature names, but LGBMRegressor was fitted with feature names
  warnings.warn(
/home/aubjpm001/.conda/envs/portsdfl-predict/lib/python3.11/site-packages/sklearn/utils/validation.py:2827: UserWarning: X does not have valid feature names, but LGBMRegressor was fitted with feature names
  warnings.warn(
/home/aubjpm001/.conda/envs/portsdfl-predict/lib/python3.11/site-packages/sklearn/utils/validation.py:2827: UserWarning: X does not have valid feature names, but LGBMRegressor was fitted with feature names
  warnings.warn(
/home/aubjpm001/.conda/envs/portsdfl-predict/lib/python3.11/site-packages/sklearn/utils/validation.py:2827: UserWarning: X does not have valid feature names, but LGBMRegressor was fitted with feature names
  warnings.warn(
/home/aubjpm001/.conda/envs/portsdfl-predict/lib/python3.11/site-packages/sklearn/utils/validation.py:2827: UserWarning: X does not have valid feature names, but LGBMRegressor was fitted with feature names
  warnings.warn(
[I 2026-06-28 12:33:38,305] Trial 13 finished with value: 11.941670214227477 and parameters: {'learning_rate': 0.09139111864253588, 'num_leaves': 125, 'max_depth': 6, 'min_child_samples': 18, 'subsample': 0.7953438507680387, 'colsample_bytree': 0.7574852070104716, 'reg_lambda': 0.10946975844494064, 'reg_alpha': 1.7785625573909134}. Best is trial 13 with value: 11.941670214227477.
/home/aubjpm001/.conda/envs/portsdfl-predict/lib/python3.11/site-packages/sklearn/utils/validation.py:2827: UserWarning: X does not have valid feature names, but LGBMRegressor was fitted with feature names
  warnings.warn(
/home/aubjpm001/.conda/envs/portsdfl-predict/lib/python3.11/site-packages/sklearn/utils/validation.py:2827: UserWarning: X does not have valid feature names, but LGBMRegressor was fitted with feature names
  warnings.warn(
/home/aubjpm001/.conda/envs/portsdfl-predict/lib/python3.11/site-packages/sklearn/utils/validation.py:2827: UserWarning: X does not have valid feature names, but LGBMRegressor was fitted with feature names
  warnings.warn(
/home/aubjpm001/.conda/envs/portsdfl-predict/lib/python3.11/site-packages/sklearn/utils/validation.py:2827: UserWarning: X does not have valid feature names, but LGBMRegressor was fitted with feature names
  warnings.warn(
[I 2026-06-28 12:33:39,019] Trial 14 pruned. 
/home/aubjpm001/.conda/envs/portsdfl-predict/lib/python3.11/site-packages/sklearn/utils/validation.py:2827: UserWarning: X does not have valid feature names, but LGBMRegressor was fitted with feature names
  warnings.warn(
/home/aubjpm001/.conda/envs/portsdfl-predict/lib/python3.11/site-packages/sklearn/utils/validation.py:2827: UserWarning: X does not have valid feature names, but LGBMRegressor was fitted with feature names
  warnings.warn(
/home/aubjpm001/.conda/envs/portsdfl-predict/lib/python3.11/site-packages/sklearn/utils/validation.py:2827: UserWarning: X does not have valid feature names, but LGBMRegressor was fitted with feature names
  warnings.warn(
/home/aubjpm001/.conda/envs/portsdfl-predict/lib/python3.11/site-packages/sklearn/utils/validation.py:2827: UserWarning: X does not have valid feature names, but LGBMRegressor was fitted with feature names
  warnings.warn(
/home/aubjpm001/.conda/envs/portsdfl-predict/lib/python3.11/site-packages/sklearn/utils/validation.py:2827: UserWarning: X does not have valid feature names, but LGBMRegressor was fitted with feature names
  warnings.warn(
[I 2026-06-28 12:33:39,949] Trial 15 finished with value: 11.991425542913955 and parameters: {'learning_rate': 0.08586413857383297, 'num_leaves': 170, 'max_depth': 6, 'min_child_samples': 20, 'subsample': 0.7304453570550351, 'colsample_bytree': 0.8095341656888404, 'reg_lambda': 0.14764054401669374, 'reg_alpha': 0.0010948657642294213}. Best is trial 13 with value: 11.941670214227477.
/home/aubjpm001/.conda/envs/portsdfl-predict/lib/python3.11/site-packages/sklearn/utils/validation.py:2827: UserWarning: X does not have valid feature names, but LGBMRegressor was fitted with feature names
  warnings.warn(
/home/aubjpm001/.conda/envs/portsdfl-predict/lib/python3.11/site-packages/sklearn/utils/validation.py:2827: UserWarning: X does not have valid feature names, but LGBMRegressor was fitted with feature names
  warnings.warn(
/home/aubjpm001/.conda/envs/portsdfl-predict/lib/python3.11/site-packages/sklearn/utils/validation.py:2827: UserWarning: X does not have valid feature names, but LGBMRegressor was fitted with feature names
  warnings.warn(
/home/aubjpm001/.conda/envs/portsdfl-predict/lib/python3.11/site-packages/sklearn/utils/validation.py:2827: UserWarning: X does not have valid feature names, but LGBMRegressor was fitted with feature names
  warnings.warn(
/home/aubjpm001/.conda/envs/portsdfl-predict/lib/python3.11/site-packages/sklearn/utils/validation.py:2827: UserWarning: X does not have valid feature names, but LGBMRegressor was fitted with feature names
  warnings.warn(
[I 2026-06-28 12:33:46,357] Trial 16 finished with value: 11.882233531039592 and parameters: {'learning_rate': 0.003603067925969024, 'num_leaves': 99, 'max_depth': 9, 'min_child_samples': 43, 'subsample': 0.8352725713024433, 'colsample_bytree': 0.7348800263080093, 'reg_lambda': 0.02531719958879676, 'reg_alpha': 0.09678798809836922}. Best is trial 16 with value: 11.882233531039592.
/home/aubjpm001/.conda/envs/portsdfl-predict/lib/python3.11/site-packages/sklearn/utils/validation.py:2827: UserWarning: X does not have valid feature names, but LGBMRegressor was fitted with feature names
  warnings.warn(
/home/aubjpm001/.conda/envs/portsdfl-predict/lib/python3.11/site-packages/sklearn/utils/validation.py:2827: UserWarning: X does not have valid feature names, but LGBMRegressor was fitted with feature names
  warnings.warn(
[I 2026-06-28 12:33:46,949] Trial 17 pruned. 
/home/aubjpm001/.conda/envs/portsdfl-predict/lib/python3.11/site-packages/sklearn/utils/validation.py:2827: UserWarning: X does not have valid feature names, but LGBMRegressor was fitted with feature names
  warnings.warn(
/home/aubjpm001/.conda/envs/portsdfl-predict/lib/python3.11/site-packages/sklearn/utils/validation.py:2827: UserWarning: X does not have valid feature names, but LGBMRegressor was fitted with feature names
  warnings.warn(
/home/aubjpm001/.conda/envs/portsdfl-predict/lib/python3.11/site-packages/sklearn/utils/validation.py:2827: UserWarning: X does not have valid feature names, but LGBMRegressor was fitted with feature names
  warnings.warn(
/home/aubjpm001/.conda/envs/portsdfl-predict/lib/python3.11/site-packages/sklearn/utils/validation.py:2827: UserWarning: X does not have valid feature names, but LGBMRegressor was fitted with feature names
  warnings.warn(
[I 2026-06-28 12:33:50,767] Trial 18 pruned. 
/home/aubjpm001/.conda/envs/portsdfl-predict/lib/python3.11/site-packages/sklearn/utils/validation.py:2827: UserWarning: X does not have valid feature names, but LGBMRegressor was fitted with feature names
  warnings.warn(
/home/aubjpm001/.conda/envs/portsdfl-predict/lib/python3.11/site-packages/sklearn/utils/validation.py:2827: UserWarning: X does not have valid feature names, but LGBMRegressor was fitted with feature names
  warnings.warn(
[I 2026-06-28 12:33:51,312] Trial 19 pruned. 
/home/aubjpm001/.conda/envs/portsdfl-predict/lib/python3.11/site-packages/sklearn/utils/validation.py:2827: UserWarning: X does not have valid feature names, but LGBMRegressor was fitted with feature names
  warnings.warn(
/home/aubjpm001/.conda/envs/portsdfl-predict/lib/python3.11/site-packages/sklearn/utils/validation.py:2827: UserWarning: X does not have valid feature names, but LGBMRegressor was fitted with feature names
  warnings.warn(
