[I 2026-06-28 12:33:52,347] Trial 20 pruned. 
/home/aubjpm001/.conda/envs/portsdfl-predict/lib/python3.11/site-packages/sklearn/utils/validation.py:2827: UserWarning: X does not have valid feature names, but LGBMRegressor was fitted with feature names
  warnings.warn(
/home/aubjpm001/.conda/envs/portsdfl-predict/lib/python3.11/site-packages/sklearn/utils/validation.py:2827: UserWarning: X does not have valid feature names, but LGBMRegressor was fitted with feature names
  warnings.warn(
/home/aubjpm001/.conda/envs/portsdfl-predict/lib/python3.11/site-packages/sklearn/utils/validation.py:2827: UserWarning: X does not have valid feature names, but LGBMRegressor was fitted with feature names
  warnings.warn(
/home/aubjpm001/.conda/envs/portsdfl-predict/lib/python3.11/site-packages/sklearn/utils/validation.py:2827: UserWarning: X does not have valid feature names, but LGBMRegressor was fitted with feature names
  warnings.warn(
[I 2026-06-28 12:33:57,148] Trial 21 pruned. 
/home/aubjpm001/.conda/envs/portsdfl-predict/lib/python3.11/site-packages/sklearn/utils/validation.py:2827: UserWarning: X does not have valid feature names, but LGBMRegressor was fitted with feature names
  warnings.warn(
/home/aubjpm001/.conda/envs/portsdfl-predict/lib/python3.11/site-packages/sklearn/utils/validation.py:2827: UserWarning: X does not have valid feature names, but LGBMRegressor was fitted with feature names
  warnings.warn(
/home/aubjpm001/.conda/envs/portsdfl-predict/lib/python3.11/site-packages/sklearn/utils/validation.py:2827: UserWarning: X does not have valid feature names, but LGBMRegressor was fitted with feature names
  warnings.warn(
/home/aubjpm001/.conda/envs/portsdfl-predict/lib/python3.11/site-packages/sklearn/utils/validation.py:2827: UserWarning: X does not have valid feature names, but LGBMRegressor was fitted with feature names
  warnings.warn(
[I 2026-06-28 12:33:58,328] Trial 22 pruned. 
/home/aubjpm001/.conda/envs/portsdfl-predict/lib/python3.11/site-packages/sklearn/utils/validation.py:2827: UserWarning: X does not have valid feature names, but LGBMRegressor was fitted with feature names
  warnings.warn(
/home/aubjpm001/.conda/envs/portsdfl-predict/lib/python3.11/site-packages/sklearn/utils/validation.py:2827: UserWarning: X does not have valid feature names, but LGBMRegressor was fitted with feature names
  warnings.warn(
[I 2026-06-28 12:34:00,760] Trial 23 pruned. 
/home/aubjpm001/.conda/envs/portsdfl-predict/lib/python3.11/site-packages/sklearn/utils/validation.py:2827: UserWarning: X does not have valid feature names, but LGBMRegressor was fitted with feature names
  warnings.warn(
/home/aubjpm001/.conda/envs/portsdfl-predict/lib/python3.11/site-packages/sklearn/utils/validation.py:2827: UserWarning: X does not have valid feature names, but LGBMRegressor was fitted with feature names
  warnings.warn(
/home/aubjpm001/.conda/envs/portsdfl-predict/lib/python3.11/site-packages/sklearn/utils/validation.py:2827: UserWarning: X does not have valid feature names, but LGBMRegressor was fitted with feature names
  warnings.warn(
/home/aubjpm001/.conda/envs/portsdfl-predict/lib/python3.11/site-packages/sklearn/utils/validation.py:2827: UserWarning: X does not have valid feature names, but LGBMRegressor was fitted with feature names
  warnings.warn(
/home/aubjpm001/.conda/envs/portsdfl-predict/lib/python3.11/site-packages/sklearn/utils/validation.py:2827: UserWarning: X does not have valid feature names, but LGBMRegressor was fitted with feature names
  warnings.warn(
[I 2026-06-28 12:34:03,722] Trial 24 finished with value: 11.831714758018531 and parameters: {'learning_rate': 0.010640473988621502, 'num_leaves': 79, 'max_depth': 8, 'min_child_samples': 16, 'subsample': 0.9374500208496674, 'colsample_bytree': 0.5983154467394163, 'reg_lambda': 0.1006351512243318, 'reg_alpha': 0.023327134526824087}. Best is trial 24 with value: 11.831714758018531.
/home/aubjpm001/.conda/envs/portsdfl-predict/lib/python3.11/site-packages/sklearn/utils/validation.py:2827: UserWarning: X does not have valid feature names, but LGBMRegressor was fitted with feature names
  warnings.warn(
/home/aubjpm001/.conda/envs/portsdfl-predict/lib/python3.11/site-packages/sklearn/utils/validation.py:2827: UserWarning: X does not have valid feature names, but LGBMRegressor was fitted with feature names
  warnings.warn(
/home/aubjpm001/.conda/envs/portsdfl-predict/lib/python3.11/site-packages/sklearn/utils/validation.py:2827: UserWarning: X does not have valid feature names, but LGBMRegressor was fitted with feature names
  warnings.warn(
/home/aubjpm001/.conda/envs/portsdfl-predict/lib/python3.11/site-packages/sklearn/utils/validation.py:2827: UserWarning: X does not have valid feature names, but LGBMRegressor was fitted with feature names
  warnings.warn(
/home/aubjpm001/.conda/envs/portsdfl-predict/lib/python3.11/site-packages/sklearn/utils/validation.py:2827: UserWarning: X does not have valid feature names, but LGBMRegressor was fitted with feature names
  warnings.warn(
[I 2026-06-28 12:34:06,245] Trial 25 finished with value: 11.936291045134707 and parameters: {'learning_rate': 0.01321045273505863, 'num_leaves': 42, 'max_depth': 9, 'min_child_samples': 15, 'subsample': 0.9637958059966713, 'colsample_bytree': 0.6217550058005971, 'reg_lambda': 0.1312324008005944, 'reg_alpha': 0.02500448168886332}. Best is trial 24 with value: 11.831714758018531.
/home/aubjpm001/.conda/envs/portsdfl-predict/lib/python3.11/site-packages/sklearn/utils/validation.py:2827: UserWarning: X does not have valid feature names, but LGBMRegressor was fitted with feature names
  warnings.warn(
/home/aubjpm001/.conda/envs/portsdfl-predict/lib/python3.11/site-packages/sklearn/utils/validation.py:2827: UserWarning: X does not have valid feature names, but LGBMRegressor was fitted with feature names
  warnings.warn(
/home/aubjpm001/.conda/envs/portsdfl-predict/lib/python3.11/site-packages/sklearn/utils/validation.py:2827: UserWarning: X does not have valid feature names, but LGBMRegressor was fitted with feature names
  warnings.warn(
/home/aubjpm001/.conda/envs/portsdfl-predict/lib/python3.11/site-packages/sklearn/utils/validation.py:2827: UserWarning: X does not have valid feature names, but LGBMRegressor was fitted with feature names
  warnings.warn(
[I 2026-06-28 12:34:08,190] Trial 26 pruned. 
/home/aubjpm001/.conda/envs/portsdfl-predict/lib/python3.11/site-packages/sklearn/utils/validation.py:2827: UserWarning: X does not have valid feature names, but LGBMRegressor was fitted with feature names
  warnings.warn(
/home/aubjpm001/.conda/envs/portsdfl-predict/lib/python3.11/site-packages/sklearn/utils/validation.py:2827: UserWarning: X does not have valid feature names, but LGBMRegressor was fitted with feature names
  warnings.warn(
/home/aubjpm001/.conda/envs/portsdfl-predict/lib/python3.11/site-packages/sklearn/utils/validation.py:2827: UserWarning: X does not have valid feature names, but LGBMRegressor was fitted with feature names
  warnings.warn(
/home/aubjpm001/.conda/envs/portsdfl-predict/lib/python3.11/site-packages/sklearn/utils/validation.py:2827: UserWarning: X does not have valid feature names, but LGBMRegressor was fitted with feature names
  warnings.warn(
[I 2026-06-28 12:34:10,590] Trial 27 pruned. 
/home/aubjpm001/.conda/envs/portsdfl-predict/lib/python3.11/site-packages/sklearn/utils/validation.py:2827: UserWarning: X does not have valid feature names, but LGBMRegressor was fitted with feature names
  warnings.warn(
/home/aubjpm001/.conda/envs/portsdfl-predict/lib/python3.11/site-packages/sklearn/utils/validation.py:2827: UserWarning: X does not have valid feature names, but LGBMRegressor was fitted with feature names
  warnings.warn(
/home/aubjpm001/.conda/envs/portsdfl-predict/lib/python3.11/site-packages/sklearn/utils/validation.py:2827: UserWarning: X does not have valid feature names, but LGBMRegressor was fitted with feature names
  warnings.warn(
/home/aubjpm001/.conda/envs/portsdfl-predict/lib/python3.11/site-packages/sklearn/utils/validation.py:2827: UserWarning: X does not have valid feature names, but LGBMRegressor was fitted with feature names
  warnings.warn(
/home/aubjpm001/.conda/envs/portsdfl-predict/lib/python3.11/site-packages/sklearn/utils/validation.py:2827: UserWarning: X does not have valid feature names, but LGBMRegressor was fitted with feature names
  warnings.warn(
[I 2026-06-28 12:34:12,657] Trial 28 finished with value: 11.883106090331854 and parameters: {'learning_rate': 0.022153302380146393, 'num_leaves': 84, 'max_depth': 8, 'min_child_samples': 5, 'subsample': 0.8906111998197862, 'colsample_bytree': 0.6652619626867369, 'reg_lambda': 0.08195857373159127, 'reg_alpha': 0.028750757099773667}. Best is trial 24 with value: 11.831714758018531.
/home/aubjpm001/.conda/envs/portsdfl-predict/lib/python3.11/site-packages/sklearn/utils/validation.py:2827: UserWarning: X does not have valid feature names, but LGBMRegressor was fitted with feature names
  warnings.warn(
/home/aubjpm001/.conda/envs/portsdfl-predict/lib/python3.11/site-packages/sklearn/utils/validation.py:2827: UserWarning: X does not have valid feature names, but LGBMRegressor was fitted with feature names
  warnings.warn(
/home/aubjpm001/.conda/envs/portsdfl-predict/lib/python3.11/site-packages/sklearn/utils/validation.py:2827: UserWarning: X does not have valid feature names, but LGBMRegressor was fitted with feature names
  warnings.warn(
/home/aubjpm001/.conda/envs/portsdfl-predict/lib/python3.11/site-packages/sklearn/utils/validation.py:2827: UserWarning: X does not have valid feature names, but LGBMRegressor was fitted with feature names
  warnings.warn(
/home/aubjpm001/.conda/envs/portsdfl-predict/lib/python3.11/site-packages/sklearn/utils/validation.py:2827: UserWarning: X does not have valid feature names, but LGBMRegressor was fitted with feature names
  warnings.warn(
[I 2026-06-28 12:34:14,817] Trial 29 finished with value: 11.871930869500089 and parameters: {'learning_rate': 0.020821131857881835, 'num_leaves': 78, 'max_depth': 8, 'min_child_samples': 5, 'subsample': 0.8895164161417118, 'colsample_bytree': 0.6668417087999394, 'reg_lambda': 0.018465785479705434, 'reg_alpha': 0.14609011524220947}. Best is trial 24 with value: 11.831714758018531.
/home/aubjpm001/.conda/envs/portsdfl-predict/lib/python3.11/site-packages/sklearn/utils/validation.py:2827: UserWarning: X does not have valid feature names, but LGBMRegressor was fitted with feature names
  warnings.warn(
/home/aubjpm001/.conda/envs/portsdfl-predict/lib/python3.11/site-packages/sklearn/utils/validation.py:2827: UserWarning: X does not have valid feature names, but LGBMRegressor was fitted with feature names
  warnings.warn(
/home/aubjpm001/.conda/envs/portsdfl-predict/lib/python3.11/site-packages/sklearn/utils/validation.py:2827: UserWarning: X does not have valid feature names, but LGBMRegressor was fitted with feature names
  warnings.warn(
/home/aubjpm001/.conda/envs/portsdfl-predict/lib/python3.11/site-packages/sklearn/utils/validation.py:2827: UserWarning: X does not have valid feature names, but LGBMRegressor was fitted with feature names
  warnings.warn(
/home/aubjpm001/.conda/envs/portsdfl-predict/lib/python3.11/site-packages/sklearn/utils/validation.py:2827: UserWarning: X does not have valid feature names, but LGBMRegressor was fitted with feature names
  warnings.warn(
[I 2026-06-28 12:34:18,465] Trial 30 finished with value: 11.903364755047466 and parameters: {'learning_rate': 0.008824071217480897, 'num_leaves': 75, 'max_depth': 11, 'min_child_samples': 64, 'subsample': 0.9982399181414437, 'colsample_bytree': 0.5840841832910942, 'reg_lambda': 0.0029782226273802827, 'reg_alpha': 0.1383582441210817}. Best is trial 24 with value: 11.831714758018531.
/home/aubjpm001/.conda/envs/portsdfl-predict/lib/python3.11/site-packages/sklearn/utils/validation.py:2827: UserWarning: X does not have valid feature names, but LGBMRegressor was fitted with feature names
  warnings.warn(
/home/aubjpm001/.conda/envs/portsdfl-predict/lib/python3.11/site-packages/sklearn/utils/validation.py:2827: UserWarning: X does not have valid feature names, but LGBMRegressor was fitted with feature names
  warnings.warn(
/home/aubjpm001/.conda/envs/portsdfl-predict/lib/python3.11/site-packages/sklearn/utils/validation.py:2827: UserWarning: X does not have valid feature names, but LGBMRegressor was fitted with feature names
  warnings.warn(
/home/aubjpm001/.conda/envs/portsdfl-predict/lib/python3.11/site-packages/sklearn/utils/validation.py:2827: UserWarning: X does not have valid feature names, but LGBMRegressor was fitted with feature names
  warnings.warn(
/home/aubjpm001/.conda/envs/portsdfl-predict/lib/python3.11/site-packages/sklearn/utils/validation.py:2827: UserWarning: X does not have valid feature names, but LGBMRegressor was fitted with feature names
  warnings.warn(
[I 2026-06-28 12:34:20,277] Trial 31 finished with value: 11.879495666169364 and parameters: {'learning_rate': 0.023849852053064342, 'num_leaves': 80, 'max_depth': 8, 'min_child_samples': 5, 'subsample': 0.8837277450320784, 'colsample_bytree': 0.6664204962281184, 'reg_lambda': 0.017203510183705892, 'reg_alpha': 0.018722033988054474}. Best is trial 24 with value: 11.831714758018531.
/home/aubjpm001/.conda/envs/portsdfl-predict/lib/python3.11/site-packages/sklearn/utils/validation.py:2827: UserWarning: X does not have valid feature names, but LGBMRegressor was fitted with feature names
  warnings.warn(
/home/aubjpm001/.conda/envs/portsdfl-predict/lib/python3.11/site-packages/sklearn/utils/validation.py:2827: UserWarning: X does not have valid feature names, but LGBMRegressor was fitted with feature names
  warnings.warn(
/home/aubjpm001/.conda/envs/portsdfl-predict/lib/python3.11/site-packages/sklearn/utils/validation.py:2827: UserWarning: X does not have valid feature names, but LGBMRegressor was fitted with feature names
  warnings.warn(
/home/aubjpm001/.conda/envs/portsdfl-predict/lib/python3.11/site-packages/sklearn/utils/validation.py:2827: UserWarning: X does not have valid feature names, but LGBMRegressor was fitted with feature names
  warnings.warn(
/home/aubjpm001/.conda/envs/portsdfl-predict/lib/python3.11/site-packages/sklearn/utils/validation.py:2827: UserWarning: X does not have valid feature names, but LGBMRegressor was fitted with feature names
  warnings.warn(
[I 2026-06-28 12:34:22,152] Trial 32 finished with value: 11.878515521201958 and parameters: {'learning_rate': 0.024413277112990326, 'num_leaves': 104, 'max_depth': 8, 'min_child_samples': 10, 'subsample': 0.920347439817447, 'colsample_bytree': 0.6951110227008407, 'reg_lambda': 0.018814928419742687, 'reg_alpha': 0.013349070589567613}. Best is trial 24 with value: 11.831714758018531.
/home/aubjpm001/.conda/envs/portsdfl-predict/lib/python3.11/site-packages/sklearn/utils/validation.py:2827: UserWarning: X does not have valid feature names, but LGBMRegressor was fitted with feature names
  warnings.warn(
/home/aubjpm001/.conda/envs/portsdfl-predict/lib/python3.11/site-packages/sklearn/utils/validation.py:2827: UserWarning: X does not have valid feature names, but LGBMRegressor was fitted with feature names
  warnings.warn(
/home/aubjpm001/.conda/envs/portsdfl-predict/lib/python3.11/site-packages/sklearn/utils/validation.py:2827: UserWarning: X does not have valid feature names, but LGBMRegressor was fitted with feature names
  warnings.warn(
/home/aubjpm001/.conda/envs/portsdfl-predict/lib/python3.11/site-packages/sklearn/utils/validation.py:2827: UserWarning: X does not have valid feature names, but LGBMRegressor was fitted with feature names
  warnings.warn(
/home/aubjpm001/.conda/envs/portsdfl-predict/lib/python3.11/site-packages/sklearn/utils/validation.py:2827: UserWarning: X does not have valid feature names, but LGBMRegressor was fitted with feature names
  warnings.warn(
[I 2026-06-28 12:34:24,057] Trial 33 finished with value: 11.873095014460858 and parameters: {'learning_rate': 0.024078064232367895, 'num_leaves': 114, 'max_depth': 8, 'min_child_samples': 10, 'subsample': 0.9226221738975879, 'colsample_bytree': 0.5853518185165894, 'reg_lambda': 0.014312604938291215, 'reg_alpha': 0.003130926507940934}. Best is trial 24 with value: 11.831714758018531.
/home/aubjpm001/.conda/envs/portsdfl-predict/lib/python3.11/site-packages/sklearn/utils/validation.py:2827: UserWarning: X does not have valid feature names, but LGBMRegressor was fitted with feature names
  warnings.warn(
/home/aubjpm001/.conda/envs/portsdfl-predict/lib/python3.11/site-packages/sklearn/utils/validation.py:2827: UserWarning: X does not have valid feature names, but LGBMRegressor was fitted with feature names
  warnings.warn(
/home/aubjpm001/.conda/envs/portsdfl-predict/lib/python3.11/site-packages/sklearn/utils/validation.py:2827: UserWarning: X does not have valid feature names, but LGBMRegressor was fitted with feature names
  warnings.warn(
/home/aubjpm001/.conda/envs/portsdfl-predict/lib/python3.11/site-packages/sklearn/utils/validation.py:2827: UserWarning: X does not have valid feature names, but LGBMRegressor was fitted with feature names
  warnings.warn(
/home/aubjpm001/.conda/envs/portsdfl-predict/lib/python3.11/site-packages/sklearn/utils/validation.py:2827: UserWarning: X does not have valid feature names, but LGBMRegressor was fitted with feature names
  warnings.warn(
[I 2026-06-28 12:34:25,564] Trial 34 finished with value: 11.859025167858011 and parameters: {'learning_rate': 0.036052661359976666, 'num_leaves': 113, 'max_depth': 8, 'min_child_samples': 24, 'subsample': 0.926074127850352, 'colsample_bytree': 0.5950169355656589, 'reg_lambda': 0.011588808091067474, 'reg_alpha': 0.002850577369661432}. Best is trial 24 with value: 11.831714758018531.
/home/aubjpm001/.conda/envs/portsdfl-predict/lib/python3.11/site-packages/sklearn/utils/validation.py:2827: UserWarning: X does not have valid feature names, but LGBMRegressor was fitted with feature names
  warnings.warn(
/home/aubjpm001/.conda/envs/portsdfl-predict/lib/python3.11/site-packages/sklearn/utils/validation.py:2827: UserWarning: X does not have valid feature names, but LGBMRegressor was fitted with feature names
  warnings.warn(
/home/aubjpm001/.conda/envs/portsdfl-predict/lib/python3.11/site-packages/sklearn/utils/validation.py:2827: UserWarning: X does not have valid feature names, but LGBMRegressor was fitted with feature names
  warnings.warn(
/home/aubjpm001/.conda/envs/portsdfl-predict/lib/python3.11/site-packages/sklearn/utils/validation.py:2827: UserWarning: X does not have valid feature names, but LGBMRegressor was fitted with feature names
  warnings.warn(
/home/aubjpm001/.conda/envs/portsdfl-predict/lib/python3.11/site-packages/sklearn/utils/validation.py:2827: UserWarning: X does not have valid feature names, but LGBMRegressor was fitted with feature names
  warnings.warn(
[I 2026-06-28 12:34:26,992] Trial 35 finished with value: 11.852970431283634 and parameters: {'learning_rate': 0.03886078112253669, 'num_leaves': 115, 'max_depth': 7, 'min_child_samples': 25, 'subsample': 0.9293032790969129, 'colsample_bytree': 0.5787036827448274, 'reg_lambda': 0.008738262215198186, 'reg_alpha': 0.0035057091050494974}. Best is trial 24 with value: 11.831714758018531.
/home/aubjpm001/.conda/envs/portsdfl-predict/lib/python3.11/site-packages/sklearn/utils/validation.py:2827: UserWarning: X does not have valid feature names, but LGBMRegressor was fitted with feature names
  warnings.warn(
/home/aubjpm001/.conda/envs/portsdfl-predict/lib/python3.11/site-packages/sklearn/utils/validation.py:2827: UserWarning: X does not have valid feature names, but LGBMRegressor was fitted with feature names
  warnings.warn(
/home/aubjpm001/.conda/envs/portsdfl-predict/lib/python3.11/site-packages/sklearn/utils/validation.py:2827: UserWarning: X does not have valid feature names, but LGBMRegressor was fitted with feature names
  warnings.warn(
/home/aubjpm001/.conda/envs/portsdfl-predict/lib/python3.11/site-packages/sklearn/utils/validation.py:2827: UserWarning: X does not have valid feature names, but LGBMRegressor was fitted with feature names
  warnings.warn(
/home/aubjpm001/.conda/envs/portsdfl-predict/lib/python3.11/site-packages/sklearn/utils/validation.py:2827: UserWarning: X does not have valid feature names, but LGBMRegressor was fitted with feature names
  warnings.warn(
[I 2026-06-28 12:34:28,364] Trial 36 finished with value: 11.865187793653856 and parameters: {'learning_rate': 0.04269426299676102, 'num_leaves': 52, 'max_depth': 7, 'min_child_samples': 25, 'subsample': 0.9464350663563955, 'colsample_bytree': 0.5536325486658847, 'reg_lambda': 0.0032828483503499427, 'reg_alpha': 0.005174010371787937}. Best is trial 24 with value: 11.831714758018531.
/home/aubjpm001/.conda/envs/portsdfl-predict/lib/python3.11/site-packages/sklearn/utils/validation.py:2827: UserWarning: X does not have valid feature names, but LGBMRegressor was fitted with feature names
  warnings.warn(
/home/aubjpm001/.conda/envs/portsdfl-predict/lib/python3.11/site-packages/sklearn/utils/validation.py:2827: UserWarning: X does not have valid feature names, but LGBMRegressor was fitted with feature names
  warnings.warn(
/home/aubjpm001/.conda/envs/portsdfl-predict/lib/python3.11/site-packages/sklearn/utils/validation.py:2827: UserWarning: X does not have valid feature names, but LGBMRegressor was fitted with feature names
  warnings.warn(
/home/aubjpm001/.conda/envs/portsdfl-predict/lib/python3.11/site-packages/sklearn/utils/validation.py:2827: UserWarning: X does not have valid feature names, but LGBMRegressor was fitted with feature names
  warnings.warn(
