[I 2026-06-28 12:35:10,887] Trial 59 finished with value: 11.863792037782634 and parameters: {'learning_rate': 0.005488982550968912, 'num_leaves': 137, 'max_depth': 10, 'min_child_samples': 31, 'subsample': 0.9964362584599255, 'colsample_bytree': 0.5789890313614467, 'reg_lambda': 1.1200170135579417, 'reg_alpha': 0.007909329645998088}. Best is trial 24 with value: 11.831714758018531.
/home/aubjpm001/.conda/envs/portsdfl-predict/lib/python3.11/site-packages/sklearn/utils/validation.py:2827: UserWarning: X does not have valid feature names, but LGBMRegressor was fitted with feature names
  warnings.warn(
/home/aubjpm001/.conda/envs/portsdfl-predict/lib/python3.11/site-packages/sklearn/utils/validation.py:2827: UserWarning: X does not have valid feature names, but LGBMRegressor was fitted with feature names
  warnings.warn(
/home/aubjpm001/.conda/envs/portsdfl-predict/lib/python3.11/site-packages/sklearn/utils/validation.py:2827: UserWarning: X does not have valid feature names, but LGBMRegressor was fitted with feature names
  warnings.warn(
/home/aubjpm001/.conda/envs/portsdfl-predict/lib/python3.11/site-packages/sklearn/utils/validation.py:2827: UserWarning: X does not have valid feature names, but LGBMRegressor was fitted with feature names
  warnings.warn(
/home/aubjpm001/.conda/envs/portsdfl-predict/lib/python3.11/site-packages/sklearn/utils/validation.py:2827: UserWarning: X does not have valid feature names, but LGBMRegressor was fitted with feature names
  warnings.warn(
[I 2026-06-28 12:35:16,289] Trial 60 finished with value: 11.884339159050826 and parameters: {'learning_rate': 0.005355972049813455, 'num_leaves': 134, 'max_depth': 10, 'min_child_samples': 39, 'subsample': 0.9177284354669317, 'colsample_bytree': 0.576451445888091, 'reg_lambda': 4.90454992464026, 'reg_alpha': 0.008995532763349193}. Best is trial 24 with value: 11.831714758018531.
/home/aubjpm001/.conda/envs/portsdfl-predict/lib/python3.11/site-packages/sklearn/utils/validation.py:2827: UserWarning: X does not have valid feature names, but LGBMRegressor was fitted with feature names
  warnings.warn(
/home/aubjpm001/.conda/envs/portsdfl-predict/lib/python3.11/site-packages/sklearn/utils/validation.py:2827: UserWarning: X does not have valid feature names, but LGBMRegressor was fitted with feature names
  warnings.warn(
/home/aubjpm001/.conda/envs/portsdfl-predict/lib/python3.11/site-packages/sklearn/utils/validation.py:2827: UserWarning: X does not have valid feature names, but LGBMRegressor was fitted with feature names
  warnings.warn(
/home/aubjpm001/.conda/envs/portsdfl-predict/lib/python3.11/site-packages/sklearn/utils/validation.py:2827: UserWarning: X does not have valid feature names, but LGBMRegressor was fitted with feature names
  warnings.warn(
/home/aubjpm001/.conda/envs/portsdfl-predict/lib/python3.11/site-packages/sklearn/utils/validation.py:2827: UserWarning: X does not have valid feature names, but LGBMRegressor was fitted with feature names
  warnings.warn(
[I 2026-06-28 12:35:22,283] Trial 61 finished with value: 11.851811547966742 and parameters: {'learning_rate': 0.004471090480612246, 'num_leaves': 171, 'max_depth': 10, 'min_child_samples': 29, 'subsample': 0.9990385968601342, 'colsample_bytree': 0.5417724205125434, 'reg_lambda': 0.8993670025195033, 'reg_alpha': 0.033168377563188106}. Best is trial 24 with value: 11.831714758018531.
/home/aubjpm001/.conda/envs/portsdfl-predict/lib/python3.11/site-packages/sklearn/utils/validation.py:2827: UserWarning: X does not have valid feature names, but LGBMRegressor was fitted with feature names
  warnings.warn(
/home/aubjpm001/.conda/envs/portsdfl-predict/lib/python3.11/site-packages/sklearn/utils/validation.py:2827: UserWarning: X does not have valid feature names, but LGBMRegressor was fitted with feature names
  warnings.warn(
/home/aubjpm001/.conda/envs/portsdfl-predict/lib/python3.11/site-packages/sklearn/utils/validation.py:2827: UserWarning: X does not have valid feature names, but LGBMRegressor was fitted with feature names
  warnings.warn(
/home/aubjpm001/.conda/envs/portsdfl-predict/lib/python3.11/site-packages/sklearn/utils/validation.py:2827: UserWarning: X does not have valid feature names, but LGBMRegressor was fitted with feature names
  warnings.warn(
/home/aubjpm001/.conda/envs/portsdfl-predict/lib/python3.11/site-packages/sklearn/utils/validation.py:2827: UserWarning: X does not have valid feature names, but LGBMRegressor was fitted with feature names
  warnings.warn(
[I 2026-06-28 12:35:30,881] Trial 62 finished with value: 11.80309585579667 and parameters: {'learning_rate': 0.004118026133028965, 'num_leaves': 185, 'max_depth': 11, 'min_child_samples': 19, 'subsample': 0.9666154528195822, 'colsample_bytree': 0.5994507118299462, 'reg_lambda': 1.8519363237110964, 'reg_alpha': 0.03778444857818145}. Best is trial 62 with value: 11.80309585579667.
/home/aubjpm001/.conda/envs/portsdfl-predict/lib/python3.11/site-packages/sklearn/utils/validation.py:2827: UserWarning: X does not have valid feature names, but LGBMRegressor was fitted with feature names
  warnings.warn(
/home/aubjpm001/.conda/envs/portsdfl-predict/lib/python3.11/site-packages/sklearn/utils/validation.py:2827: UserWarning: X does not have valid feature names, but LGBMRegressor was fitted with feature names
  warnings.warn(
/home/aubjpm001/.conda/envs/portsdfl-predict/lib/python3.11/site-packages/sklearn/utils/validation.py:2827: UserWarning: X does not have valid feature names, but LGBMRegressor was fitted with feature names
  warnings.warn(
/home/aubjpm001/.conda/envs/portsdfl-predict/lib/python3.11/site-packages/sklearn/utils/validation.py:2827: UserWarning: X does not have valid feature names, but LGBMRegressor was fitted with feature names
  warnings.warn(
/home/aubjpm001/.conda/envs/portsdfl-predict/lib/python3.11/site-packages/sklearn/utils/validation.py:2827: UserWarning: X does not have valid feature names, but LGBMRegressor was fitted with feature names
  warnings.warn(
[I 2026-06-28 12:35:46,141] Trial 63 finished with value: 11.81177650787514 and parameters: {'learning_rate': 0.0020097385462125267, 'num_leaves': 181, 'max_depth': 11, 'min_child_samples': 19, 'subsample': 0.958207969475013, 'colsample_bytree': 0.623886847693091, 'reg_lambda': 0.5135234450192471, 'reg_alpha': 0.030836627690222714}. Best is trial 62 with value: 11.80309585579667.
/home/aubjpm001/.conda/envs/portsdfl-predict/lib/python3.11/site-packages/sklearn/utils/validation.py:2827: UserWarning: X does not have valid feature names, but LGBMRegressor was fitted with feature names
  warnings.warn(
/home/aubjpm001/.conda/envs/portsdfl-predict/lib/python3.11/site-packages/sklearn/utils/validation.py:2827: UserWarning: X does not have valid feature names, but LGBMRegressor was fitted with feature names
  warnings.warn(
/home/aubjpm001/.conda/envs/portsdfl-predict/lib/python3.11/site-packages/sklearn/utils/validation.py:2827: UserWarning: X does not have valid feature names, but LGBMRegressor was fitted with feature names
  warnings.warn(
/home/aubjpm001/.conda/envs/portsdfl-predict/lib/python3.11/site-packages/sklearn/utils/validation.py:2827: UserWarning: X does not have valid feature names, but LGBMRegressor was fitted with feature names
  warnings.warn(
/home/aubjpm001/.conda/envs/portsdfl-predict/lib/python3.11/site-packages/sklearn/utils/validation.py:2827: UserWarning: X does not have valid feature names, but LGBMRegressor was fitted with feature names
  warnings.warn(
[I 2026-06-28 12:36:01,536] Trial 64 finished with value: 11.790168990719836 and parameters: {'learning_rate': 0.0022733820844631054, 'num_leaves': 182, 'max_depth': 12, 'min_child_samples': 20, 'subsample': 0.9603486055497532, 'colsample_bytree': 0.5997575339100196, 'reg_lambda': 0.33199211920045235, 'reg_alpha': 0.03694535296978483}. Best is trial 64 with value: 11.790168990719836.
/home/aubjpm001/.conda/envs/portsdfl-predict/lib/python3.11/site-packages/sklearn/utils/validation.py:2827: UserWarning: X does not have valid feature names, but LGBMRegressor was fitted with feature names
  warnings.warn(
/home/aubjpm001/.conda/envs/portsdfl-predict/lib/python3.11/site-packages/sklearn/utils/validation.py:2827: UserWarning: X does not have valid feature names, but LGBMRegressor was fitted with feature names
  warnings.warn(
/home/aubjpm001/.conda/envs/portsdfl-predict/lib/python3.11/site-packages/sklearn/utils/validation.py:2827: UserWarning: X does not have valid feature names, but LGBMRegressor was fitted with feature names
  warnings.warn(
/home/aubjpm001/.conda/envs/portsdfl-predict/lib/python3.11/site-packages/sklearn/utils/validation.py:2827: UserWarning: X does not have valid feature names, but LGBMRegressor was fitted with feature names
  warnings.warn(
/home/aubjpm001/.conda/envs/portsdfl-predict/lib/python3.11/site-packages/sklearn/utils/validation.py:2827: UserWarning: X does not have valid feature names, but LGBMRegressor was fitted with feature names
  warnings.warn(
[I 2026-06-28 12:36:19,763] Trial 65 finished with value: 11.807809409271748 and parameters: {'learning_rate': 0.0017586878571994164, 'num_leaves': 180, 'max_depth': 12, 'min_child_samples': 19, 'subsample': 0.9532260815385202, 'colsample_bytree': 0.6189137475804853, 'reg_lambda': 0.38483696821362845, 'reg_alpha': 0.04124520458548493}. Best is trial 64 with value: 11.790168990719836.
/home/aubjpm001/.conda/envs/portsdfl-predict/lib/python3.11/site-packages/sklearn/utils/validation.py:2827: UserWarning: X does not have valid feature names, but LGBMRegressor was fitted with feature names
  warnings.warn(
/home/aubjpm001/.conda/envs/portsdfl-predict/lib/python3.11/site-packages/sklearn/utils/validation.py:2827: UserWarning: X does not have valid feature names, but LGBMRegressor was fitted with feature names
  warnings.warn(
/home/aubjpm001/.conda/envs/portsdfl-predict/lib/python3.11/site-packages/sklearn/utils/validation.py:2827: UserWarning: X does not have valid feature names, but LGBMRegressor was fitted with feature names
  warnings.warn(
/home/aubjpm001/.conda/envs/portsdfl-predict/lib/python3.11/site-packages/sklearn/utils/validation.py:2827: UserWarning: X does not have valid feature names, but LGBMRegressor was fitted with feature names
  warnings.warn(
/home/aubjpm001/.conda/envs/portsdfl-predict/lib/python3.11/site-packages/sklearn/utils/validation.py:2827: UserWarning: X does not have valid feature names, but LGBMRegressor was fitted with feature names
  warnings.warn(
[I 2026-06-28 12:36:36,152] Trial 66 finished with value: 11.800453660568968 and parameters: {'learning_rate': 0.0021314764527461624, 'num_leaves': 180, 'max_depth': 12, 'min_child_samples': 18, 'subsample': 0.9624740012111964, 'colsample_bytree': 0.6765813814636218, 'reg_lambda': 0.358923927019475, 'reg_alpha': 0.03763232781113888}. Best is trial 64 with value: 11.790168990719836.
/home/aubjpm001/.conda/envs/portsdfl-predict/lib/python3.11/site-packages/sklearn/utils/validation.py:2827: UserWarning: X does not have valid feature names, but LGBMRegressor was fitted with feature names
  warnings.warn(
/home/aubjpm001/.conda/envs/portsdfl-predict/lib/python3.11/site-packages/sklearn/utils/validation.py:2827: UserWarning: X does not have valid feature names, but LGBMRegressor was fitted with feature names
  warnings.warn(
/home/aubjpm001/.conda/envs/portsdfl-predict/lib/python3.11/site-packages/sklearn/utils/validation.py:2827: UserWarning: X does not have valid feature names, but LGBMRegressor was fitted with feature names
  warnings.warn(
/home/aubjpm001/.conda/envs/portsdfl-predict/lib/python3.11/site-packages/sklearn/utils/validation.py:2827: UserWarning: X does not have valid feature names, but LGBMRegressor was fitted with feature names
  warnings.warn(
/home/aubjpm001/.conda/envs/portsdfl-predict/lib/python3.11/site-packages/sklearn/utils/validation.py:2827: UserWarning: X does not have valid feature names, but LGBMRegressor was fitted with feature names
  warnings.warn(
[I 2026-06-28 12:36:52,584] Trial 67 finished with value: 11.805868423308437 and parameters: {'learning_rate': 0.0019971490720637726, 'num_leaves': 186, 'max_depth': 12, 'min_child_samples': 20, 'subsample': 0.9610458889729194, 'colsample_bytree': 0.684898603303948, 'reg_lambda': 0.4832589798965304, 'reg_alpha': 0.04453990992810745}. Best is trial 64 with value: 11.790168990719836.
/home/aubjpm001/.conda/envs/portsdfl-predict/lib/python3.11/site-packages/sklearn/utils/validation.py:2827: UserWarning: X does not have valid feature names, but LGBMRegressor was fitted with feature names
  warnings.warn(
/home/aubjpm001/.conda/envs/portsdfl-predict/lib/python3.11/site-packages/sklearn/utils/validation.py:2827: UserWarning: X does not have valid feature names, but LGBMRegressor was fitted with feature names
  warnings.warn(
/home/aubjpm001/.conda/envs/portsdfl-predict/lib/python3.11/site-packages/sklearn/utils/validation.py:2827: UserWarning: X does not have valid feature names, but LGBMRegressor was fitted with feature names
  warnings.warn(
/home/aubjpm001/.conda/envs/portsdfl-predict/lib/python3.11/site-packages/sklearn/utils/validation.py:2827: UserWarning: X does not have valid feature names, but LGBMRegressor was fitted with feature names
  warnings.warn(
[I 2026-06-28 12:37:07,238] Trial 68 pruned. 
/home/aubjpm001/.conda/envs/portsdfl-predict/lib/python3.11/site-packages/sklearn/utils/validation.py:2827: UserWarning: X does not have valid feature names, but LGBMRegressor was fitted with feature names
  warnings.warn(
/home/aubjpm001/.conda/envs/portsdfl-predict/lib/python3.11/site-packages/sklearn/utils/validation.py:2827: UserWarning: X does not have valid feature names, but LGBMRegressor was fitted with feature names
  warnings.warn(
[I 2026-06-28 12:37:15,350] Trial 69 pruned. 
/home/aubjpm001/.conda/envs/portsdfl-predict/lib/python3.11/site-packages/sklearn/utils/validation.py:2827: UserWarning: X does not have valid feature names, but LGBMRegressor was fitted with feature names
  warnings.warn(
/home/aubjpm001/.conda/envs/portsdfl-predict/lib/python3.11/site-packages/sklearn/utils/validation.py:2827: UserWarning: X does not have valid feature names, but LGBMRegressor was fitted with feature names
  warnings.warn(
/home/aubjpm001/.conda/envs/portsdfl-predict/lib/python3.11/site-packages/sklearn/utils/validation.py:2827: UserWarning: X does not have valid feature names, but LGBMRegressor was fitted with feature names
  warnings.warn(
/home/aubjpm001/.conda/envs/portsdfl-predict/lib/python3.11/site-packages/sklearn/utils/validation.py:2827: UserWarning: X does not have valid feature names, but LGBMRegressor was fitted with feature names
  warnings.warn(
/home/aubjpm001/.conda/envs/portsdfl-predict/lib/python3.11/site-packages/sklearn/utils/validation.py:2827: UserWarning: X does not have valid feature names, but LGBMRegressor was fitted with feature names
  warnings.warn(
[I 2026-06-28 12:37:30,209] Trial 70 finished with value: 11.798341023112002 and parameters: {'learning_rate': 0.002127452184635093, 'num_leaves': 224, 'max_depth': 11, 'min_child_samples': 20, 'subsample': 0.9504836455477585, 'colsample_bytree': 0.7766453347320771, 'reg_lambda': 0.1615046917584681, 'reg_alpha': 0.028260729406923896}. Best is trial 64 with value: 11.790168990719836.
/home/aubjpm001/.conda/envs/portsdfl-predict/lib/python3.11/site-packages/sklearn/utils/validation.py:2827: UserWarning: X does not have valid feature names, but LGBMRegressor was fitted with feature names
  warnings.warn(
/home/aubjpm001/.conda/envs/portsdfl-predict/lib/python3.11/site-packages/sklearn/utils/validation.py:2827: UserWarning: X does not have valid feature names, but LGBMRegressor was fitted with feature names
  warnings.warn(
/home/aubjpm001/.conda/envs/portsdfl-predict/lib/python3.11/site-packages/sklearn/utils/validation.py:2827: UserWarning: X does not have valid feature names, but LGBMRegressor was fitted with feature names
  warnings.warn(
/home/aubjpm001/.conda/envs/portsdfl-predict/lib/python3.11/site-packages/sklearn/utils/validation.py:2827: UserWarning: X does not have valid feature names, but LGBMRegressor was fitted with feature names
  warnings.warn(
/home/aubjpm001/.conda/envs/portsdfl-predict/lib/python3.11/site-packages/sklearn/utils/validation.py:2827: UserWarning: X does not have valid feature names, but LGBMRegressor was fitted with feature names
  warnings.warn(
[I 2026-06-28 12:37:44,749] Trial 71 finished with value: 11.801120608200504 and parameters: {'learning_rate': 0.0021917449208370843, 'num_leaves': 227, 'max_depth': 11, 'min_child_samples': 20, 'subsample': 0.9568059389696797, 'colsample_bytree': 0.7787738648352206, 'reg_lambda': 0.1656003013430727, 'reg_alpha': 0.026523691390900276}. Best is trial 64 with value: 11.790168990719836.
/home/aubjpm001/.conda/envs/portsdfl-predict/lib/python3.11/site-packages/sklearn/utils/validation.py:2827: UserWarning: X does not have valid feature names, but LGBMRegressor was fitted with feature names
  warnings.warn(
/home/aubjpm001/.conda/envs/portsdfl-predict/lib/python3.11/site-packages/sklearn/utils/validation.py:2827: UserWarning: X does not have valid feature names, but LGBMRegressor was fitted with feature names
  warnings.warn(
/home/aubjpm001/.conda/envs/portsdfl-predict/lib/python3.11/site-packages/sklearn/utils/validation.py:2827: UserWarning: X does not have valid feature names, but LGBMRegressor was fitted with feature names
  warnings.warn(
/home/aubjpm001/.conda/envs/portsdfl-predict/lib/python3.11/site-packages/sklearn/utils/validation.py:2827: UserWarning: X does not have valid feature names, but LGBMRegressor was fitted with feature names
  warnings.warn(
/home/aubjpm001/.conda/envs/portsdfl-predict/lib/python3.11/site-packages/sklearn/utils/validation.py:2827: UserWarning: X does not have valid feature names, but LGBMRegressor was fitted with feature names
  warnings.warn(
[I 2026-06-28 12:37:59,388] Trial 72 finished with value: 11.820848715037247 and parameters: {'learning_rate': 0.0021832127827925455, 'num_leaves': 220, 'max_depth': 11, 'min_child_samples': 20, 'subsample': 0.9515290938871496, 'colsample_bytree': 0.8373445151148179, 'reg_lambda': 0.1863488180937051, 'reg_alpha': 0.034559561967060136}. Best is trial 64 with value: 11.790168990719836.
/home/aubjpm001/.conda/envs/portsdfl-predict/lib/python3.11/site-packages/sklearn/utils/validation.py:2827: UserWarning: X does not have valid feature names, but LGBMRegressor was fitted with feature names
  warnings.warn(
/home/aubjpm001/.conda/envs/portsdfl-predict/lib/python3.11/site-packages/sklearn/utils/validation.py:2827: UserWarning: X does not have valid feature names, but LGBMRegressor was fitted with feature names
  warnings.warn(
[I 2026-06-28 12:38:07,015] Trial 73 pruned. 
/home/aubjpm001/.conda/envs/portsdfl-predict/lib/python3.11/site-packages/sklearn/utils/validation.py:2827: UserWarning: X does not have valid feature names, but LGBMRegressor was fitted with feature names
  warnings.warn(
/home/aubjpm001/.conda/envs/portsdfl-predict/lib/python3.11/site-packages/sklearn/utils/validation.py:2827: UserWarning: X does not have valid feature names, but LGBMRegressor was fitted with feature names
  warnings.warn(
/home/aubjpm001/.conda/envs/portsdfl-predict/lib/python3.11/site-packages/sklearn/utils/validation.py:2827: UserWarning: X does not have valid feature names, but LGBMRegressor was fitted with feature names
  warnings.warn(
/home/aubjpm001/.conda/envs/portsdfl-predict/lib/python3.11/site-packages/sklearn/utils/validation.py:2827: UserWarning: X does not have valid feature names, but LGBMRegressor was fitted with feature names
  warnings.warn(
/home/aubjpm001/.conda/envs/portsdfl-predict/lib/python3.11/site-packages/sklearn/utils/validation.py:2827: UserWarning: X does not have valid feature names, but LGBMRegressor was fitted with feature names
  warnings.warn(
[I 2026-06-28 12:38:21,705] Trial 74 finished with value: 11.83190058324541 and parameters: {'learning_rate': 0.002666342222215826, 'num_leaves': 192, 'max_depth': 11, 'min_child_samples': 12, 'subsample': 0.9594514921685793, 'colsample_bytree': 0.7804062709117483, 'reg_lambda': 0.1559190896498686, 'reg_alpha': 0.013276076165985447}. Best is trial 64 with value: 11.790168990719836.
/home/aubjpm001/.conda/envs/portsdfl-predict/lib/python3.11/site-packages/sklearn/utils/validation.py:2827: UserWarning: X does not have valid feature names, but LGBMRegressor was fitted with feature names
  warnings.warn(
/home/aubjpm001/.conda/envs/portsdfl-predict/lib/python3.11/site-packages/sklearn/utils/validation.py:2827: UserWarning: X does not have valid feature names, but LGBMRegressor was fitted with feature names
  warnings.warn(
/home/aubjpm001/.conda/envs/portsdfl-predict/lib/python3.11/site-packages/sklearn/utils/validation.py:2827: UserWarning: X does not have valid feature names, but LGBMRegressor was fitted with feature names
  warnings.warn(
/home/aubjpm001/.conda/envs/portsdfl-predict/lib/python3.11/site-packages/sklearn/utils/validation.py:2827: UserWarning: X does not have valid feature names, but LGBMRegressor was fitted with feature names
  warnings.warn(
/home/aubjpm001/.conda/envs/portsdfl-predict/lib/python3.11/site-packages/sklearn/utils/validation.py:2827: UserWarning: X does not have valid feature names, but LGBMRegressor was fitted with feature names
  warnings.warn(
