[I 2026-06-28 12:41:30,270] Trial 90 finished with value: 11.79055472708973 and parameters: {'learning_rate': 0.0032458076270990214, 'num_leaves': 251, 'max_depth': 11, 'min_child_samples': 11, 'subsample': 0.6072591314101177, 'colsample_bytree': 0.7620388064896554, 'reg_lambda': 0.7589152576205838, 'reg_alpha': 0.012918486980608365}. Best is trial 86 with value: 11.77923349731078.
/home/aubjpm001/.conda/envs/portsdfl-predict/lib/python3.11/site-packages/sklearn/utils/validation.py:2827: UserWarning: X does not have valid feature names, but LGBMRegressor was fitted with feature names
  warnings.warn(
/home/aubjpm001/.conda/envs/portsdfl-predict/lib/python3.11/site-packages/sklearn/utils/validation.py:2827: UserWarning: X does not have valid feature names, but LGBMRegressor was fitted with feature names
  warnings.warn(
/home/aubjpm001/.conda/envs/portsdfl-predict/lib/python3.11/site-packages/sklearn/utils/validation.py:2827: UserWarning: X does not have valid feature names, but LGBMRegressor was fitted with feature names
  warnings.warn(
/home/aubjpm001/.conda/envs/portsdfl-predict/lib/python3.11/site-packages/sklearn/utils/validation.py:2827: UserWarning: X does not have valid feature names, but LGBMRegressor was fitted with feature names
  warnings.warn(
/home/aubjpm001/.conda/envs/portsdfl-predict/lib/python3.11/site-packages/sklearn/utils/validation.py:2827: UserWarning: X does not have valid feature names, but LGBMRegressor was fitted with feature names
  warnings.warn(
[I 2026-06-28 12:41:39,618] Trial 91 finished with value: 11.763319138599346 and parameters: {'learning_rate': 0.0036523849683385815, 'num_leaves': 251, 'max_depth': 11, 'min_child_samples': 11, 'subsample': 0.6156944160106467, 'colsample_bytree': 0.7590942605524558, 'reg_lambda': 0.7186911881186822, 'reg_alpha': 0.011295300857770679}. Best is trial 91 with value: 11.763319138599346.
/home/aubjpm001/.conda/envs/portsdfl-predict/lib/python3.11/site-packages/sklearn/utils/validation.py:2827: UserWarning: X does not have valid feature names, but LGBMRegressor was fitted with feature names
  warnings.warn(
/home/aubjpm001/.conda/envs/portsdfl-predict/lib/python3.11/site-packages/sklearn/utils/validation.py:2827: UserWarning: X does not have valid feature names, but LGBMRegressor was fitted with feature names
  warnings.warn(
/home/aubjpm001/.conda/envs/portsdfl-predict/lib/python3.11/site-packages/sklearn/utils/validation.py:2827: UserWarning: X does not have valid feature names, but LGBMRegressor was fitted with feature names
  warnings.warn(
/home/aubjpm001/.conda/envs/portsdfl-predict/lib/python3.11/site-packages/sklearn/utils/validation.py:2827: UserWarning: X does not have valid feature names, but LGBMRegressor was fitted with feature names
  warnings.warn(
/home/aubjpm001/.conda/envs/portsdfl-predict/lib/python3.11/site-packages/sklearn/utils/validation.py:2827: UserWarning: X does not have valid feature names, but LGBMRegressor was fitted with feature names
  warnings.warn(
[I 2026-06-28 12:41:50,095] Trial 92 finished with value: 11.787228369297836 and parameters: {'learning_rate': 0.00328505564125206, 'num_leaves': 255, 'max_depth': 11, 'min_child_samples': 10, 'subsample': 0.6116593817978249, 'colsample_bytree': 0.7514321128071929, 'reg_lambda': 0.7519569495455788, 'reg_alpha': 0.011506403792575918}. Best is trial 91 with value: 11.763319138599346.
/home/aubjpm001/.conda/envs/portsdfl-predict/lib/python3.11/site-packages/sklearn/utils/validation.py:2827: UserWarning: X does not have valid feature names, but LGBMRegressor was fitted with feature names
  warnings.warn(
/home/aubjpm001/.conda/envs/portsdfl-predict/lib/python3.11/site-packages/sklearn/utils/validation.py:2827: UserWarning: X does not have valid feature names, but LGBMRegressor was fitted with feature names
  warnings.warn(
/home/aubjpm001/.conda/envs/portsdfl-predict/lib/python3.11/site-packages/sklearn/utils/validation.py:2827: UserWarning: X does not have valid feature names, but LGBMRegressor was fitted with feature names
  warnings.warn(
/home/aubjpm001/.conda/envs/portsdfl-predict/lib/python3.11/site-packages/sklearn/utils/validation.py:2827: UserWarning: X does not have valid feature names, but LGBMRegressor was fitted with feature names
  warnings.warn(
/home/aubjpm001/.conda/envs/portsdfl-predict/lib/python3.11/site-packages/sklearn/utils/validation.py:2827: UserWarning: X does not have valid feature names, but LGBMRegressor was fitted with feature names
  warnings.warn(
[I 2026-06-28 12:41:59,149] Trial 93 finished with value: 11.803066308583661 and parameters: {'learning_rate': 0.003542737899467805, 'num_leaves': 252, 'max_depth': 10, 'min_child_samples': 10, 'subsample': 0.6200232816897712, 'colsample_bytree': 0.7562364363561483, 'reg_lambda': 1.0762814825128788, 'reg_alpha': 0.012228761861482498}. Best is trial 91 with value: 11.763319138599346.
/home/aubjpm001/.conda/envs/portsdfl-predict/lib/python3.11/site-packages/sklearn/utils/validation.py:2827: UserWarning: X does not have valid feature names, but LGBMRegressor was fitted with feature names
  warnings.warn(
/home/aubjpm001/.conda/envs/portsdfl-predict/lib/python3.11/site-packages/sklearn/utils/validation.py:2827: UserWarning: X does not have valid feature names, but LGBMRegressor was fitted with feature names
  warnings.warn(
/home/aubjpm001/.conda/envs/portsdfl-predict/lib/python3.11/site-packages/sklearn/utils/validation.py:2827: UserWarning: X does not have valid feature names, but LGBMRegressor was fitted with feature names
  warnings.warn(
/home/aubjpm001/.conda/envs/portsdfl-predict/lib/python3.11/site-packages/sklearn/utils/validation.py:2827: UserWarning: X does not have valid feature names, but LGBMRegressor was fitted with feature names
  warnings.warn(
/home/aubjpm001/.conda/envs/portsdfl-predict/lib/python3.11/site-packages/sklearn/utils/validation.py:2827: UserWarning: X does not have valid feature names, but LGBMRegressor was fitted with feature names
  warnings.warn(
[I 2026-06-28 12:42:08,776] Trial 94 finished with value: 11.806003673157857 and parameters: {'learning_rate': 0.0030744864380163783, 'num_leaves': 242, 'max_depth': 11, 'min_child_samples': 14, 'subsample': 0.595326891599458, 'colsample_bytree': 0.747430348948254, 'reg_lambda': 0.6705996781343703, 'reg_alpha': 0.009881026294864355}. Best is trial 91 with value: 11.763319138599346.
/home/aubjpm001/.conda/envs/portsdfl-predict/lib/python3.11/site-packages/sklearn/utils/validation.py:2827: UserWarning: X does not have valid feature names, but LGBMRegressor was fitted with feature names
  warnings.warn(
/home/aubjpm001/.conda/envs/portsdfl-predict/lib/python3.11/site-packages/sklearn/utils/validation.py:2827: UserWarning: X does not have valid feature names, but LGBMRegressor was fitted with feature names
  warnings.warn(
/home/aubjpm001/.conda/envs/portsdfl-predict/lib/python3.11/site-packages/sklearn/utils/validation.py:2827: UserWarning: X does not have valid feature names, but LGBMRegressor was fitted with feature names
  warnings.warn(
/home/aubjpm001/.conda/envs/portsdfl-predict/lib/python3.11/site-packages/sklearn/utils/validation.py:2827: UserWarning: X does not have valid feature names, but LGBMRegressor was fitted with feature names
  warnings.warn(
/home/aubjpm001/.conda/envs/portsdfl-predict/lib/python3.11/site-packages/sklearn/utils/validation.py:2827: UserWarning: X does not have valid feature names, but LGBMRegressor was fitted with feature names
  warnings.warn(
[I 2026-06-28 12:42:16,719] Trial 95 finished with value: 11.741534086842693 and parameters: {'learning_rate': 0.004678821592657396, 'num_leaves': 238, 'max_depth': 11, 'min_child_samples': 11, 'subsample': 0.6553620048081701, 'colsample_bytree': 0.7629593103697155, 'reg_lambda': 1.3300551170813737, 'reg_alpha': 0.015219475564290172}. Best is trial 95 with value: 11.741534086842693.
/home/aubjpm001/.conda/envs/portsdfl-predict/lib/python3.11/site-packages/sklearn/utils/validation.py:2827: UserWarning: X does not have valid feature names, but LGBMRegressor was fitted with feature names
  warnings.warn(
/home/aubjpm001/.conda/envs/portsdfl-predict/lib/python3.11/site-packages/sklearn/utils/validation.py:2827: UserWarning: X does not have valid feature names, but LGBMRegressor was fitted with feature names
  warnings.warn(
/home/aubjpm001/.conda/envs/portsdfl-predict/lib/python3.11/site-packages/sklearn/utils/validation.py:2827: UserWarning: X does not have valid feature names, but LGBMRegressor was fitted with feature names
  warnings.warn(
/home/aubjpm001/.conda/envs/portsdfl-predict/lib/python3.11/site-packages/sklearn/utils/validation.py:2827: UserWarning: X does not have valid feature names, but LGBMRegressor was fitted with feature names
  warnings.warn(
[I 2026-06-28 12:42:22,560] Trial 96 pruned. 
/home/aubjpm001/.conda/envs/portsdfl-predict/lib/python3.11/site-packages/sklearn/utils/validation.py:2827: UserWarning: X does not have valid feature names, but LGBMRegressor was fitted with feature names
  warnings.warn(
/home/aubjpm001/.conda/envs/portsdfl-predict/lib/python3.11/site-packages/sklearn/utils/validation.py:2827: UserWarning: X does not have valid feature names, but LGBMRegressor was fitted with feature names
  warnings.warn(
/home/aubjpm001/.conda/envs/portsdfl-predict/lib/python3.11/site-packages/sklearn/utils/validation.py:2827: UserWarning: X does not have valid feature names, but LGBMRegressor was fitted with feature names
  warnings.warn(
/home/aubjpm001/.conda/envs/portsdfl-predict/lib/python3.11/site-packages/sklearn/utils/validation.py:2827: UserWarning: X does not have valid feature names, but LGBMRegressor was fitted with feature names
  warnings.warn(
[I 2026-06-28 12:42:32,223] Trial 97 pruned. 
/home/aubjpm001/.conda/envs/portsdfl-predict/lib/python3.11/site-packages/sklearn/utils/validation.py:2827: UserWarning: X does not have valid feature names, but LGBMRegressor was fitted with feature names
  warnings.warn(
/home/aubjpm001/.conda/envs/portsdfl-predict/lib/python3.11/site-packages/sklearn/utils/validation.py:2827: UserWarning: X does not have valid feature names, but LGBMRegressor was fitted with feature names
  warnings.warn(
/home/aubjpm001/.conda/envs/portsdfl-predict/lib/python3.11/site-packages/sklearn/utils/validation.py:2827: UserWarning: X does not have valid feature names, but LGBMRegressor was fitted with feature names
  warnings.warn(
/home/aubjpm001/.conda/envs/portsdfl-predict/lib/python3.11/site-packages/sklearn/utils/validation.py:2827: UserWarning: X does not have valid feature names, but LGBMRegressor was fitted with feature names
  warnings.warn(
/home/aubjpm001/.conda/envs/portsdfl-predict/lib/python3.11/site-packages/sklearn/utils/validation.py:2827: UserWarning: X does not have valid feature names, but LGBMRegressor was fitted with feature names
  warnings.warn(
[I 2026-06-28 12:42:39,927] Trial 98 finished with value: 11.771120183436631 and parameters: {'learning_rate': 0.005131574424295235, 'num_leaves': 236, 'max_depth': 11, 'min_child_samples': 8, 'subsample': 0.567115903609092, 'colsample_bytree': 0.7636337839097332, 'reg_lambda': 1.3656081144426442, 'reg_alpha': 0.003796908279193922}. Best is trial 95 with value: 11.741534086842693.
/home/aubjpm001/.conda/envs/portsdfl-predict/lib/python3.11/site-packages/sklearn/utils/validation.py:2827: UserWarning: X does not have valid feature names, but LGBMRegressor was fitted with feature names
  warnings.warn(
/home/aubjpm001/.conda/envs/portsdfl-predict/lib/python3.11/site-packages/sklearn/utils/validation.py:2827: UserWarning: X does not have valid feature names, but LGBMRegressor was fitted with feature names
  warnings.warn(
/home/aubjpm001/.conda/envs/portsdfl-predict/lib/python3.11/site-packages/sklearn/utils/validation.py:2827: UserWarning: X does not have valid feature names, but LGBMRegressor was fitted with feature names
  warnings.warn(
/home/aubjpm001/.conda/envs/portsdfl-predict/lib/python3.11/site-packages/sklearn/utils/validation.py:2827: UserWarning: X does not have valid feature names, but LGBMRegressor was fitted with feature names
  warnings.warn(
/home/aubjpm001/.conda/envs/portsdfl-predict/lib/python3.11/site-packages/sklearn/utils/validation.py:2827: UserWarning: X does not have valid feature names, but LGBMRegressor was fitted with feature names
  warnings.warn(
[I 2026-06-28 12:42:47,251] Trial 99 finished with value: 11.817848492480826 and parameters: {'learning_rate': 0.004440693002156261, 'num_leaves': 235, 'max_depth': 10, 'min_child_samples': 8, 'subsample': 0.5566575152404992, 'colsample_bytree': 0.7650392256977414, 'reg_lambda': 1.3069245154943852, 'reg_alpha': 0.004181784039032171}. Best is trial 95 with value: 11.741534086842693.
2026-06-28 12:42:47,281 INFO [lgbm] best trial #95  MAE=11.742h
/home/aubjpm001/.conda/envs/portsdfl-predict/lib/python3.11/site-packages/sklearn/utils/validation.py:2827: UserWarning: X does not have valid feature names, but LGBMRegressor was fitted with feature names
  warnings.warn(
2026-06-28 12:42:48,885 INFO [lgbm] fold 1/5  MAE=11.56h
/home/aubjpm001/.conda/envs/portsdfl-predict/lib/python3.11/site-packages/sklearn/utils/validation.py:2827: UserWarning: X does not have valid feature names, but LGBMRegressor was fitted with feature names
  warnings.warn(
2026-06-28 12:42:50,268 INFO [lgbm] fold 2/5  MAE=11.62h
/home/aubjpm001/.conda/envs/portsdfl-predict/lib/python3.11/site-packages/sklearn/utils/validation.py:2827: UserWarning: X does not have valid feature names, but LGBMRegressor was fitted with feature names
  warnings.warn(
2026-06-28 12:42:51,509 INFO [lgbm] fold 3/5  MAE=11.99h
/home/aubjpm001/.conda/envs/portsdfl-predict/lib/python3.11/site-packages/sklearn/utils/validation.py:2827: UserWarning: X does not have valid feature names, but LGBMRegressor was fitted with feature names
  warnings.warn(
2026-06-28 12:42:52,843 INFO [lgbm] fold 4/5  MAE=11.68h
/home/aubjpm001/.conda/envs/portsdfl-predict/lib/python3.11/site-packages/sklearn/utils/validation.py:2827: UserWarning: X does not have valid feature names, but LGBMRegressor was fitted with feature names
  warnings.warn(
2026-06-28 12:42:54,327 INFO [lgbm] fold 5/5  MAE=12.08h
2026-06-28 12:42:55,881 INFO [lgbm] saved -> /home/aubjpm001/portsDFL/prediction_models/artifacts/lgbm.pkl  (CV MAE 11.786 h)
2026-06-28 12:42:55,881 INFO Done. Artifacts in /home/aubjpm001/portsDFL/prediction_models/artifacts ; run scripts/compare.py for the leaderboard.
