[I 2026-06-28 12:34:29,374] Trial 37 pruned. 
/home/aubjpm001/.conda/envs/portsdfl-predict/lib/python3.11/site-packages/sklearn/utils/validation.py:2827: UserWarning: X does not have valid feature names, but LGBMRegressor was fitted with feature names
  warnings.warn(
/home/aubjpm001/.conda/envs/portsdfl-predict/lib/python3.11/site-packages/sklearn/utils/validation.py:2827: UserWarning: X does not have valid feature names, but LGBMRegressor was fitted with feature names
  warnings.warn(
[I 2026-06-28 12:34:29,876] Trial 38 pruned. 
/home/aubjpm001/.conda/envs/portsdfl-predict/lib/python3.11/site-packages/sklearn/utils/validation.py:2827: UserWarning: X does not have valid feature names, but LGBMRegressor was fitted with feature names
  warnings.warn(
/home/aubjpm001/.conda/envs/portsdfl-predict/lib/python3.11/site-packages/sklearn/utils/validation.py:2827: UserWarning: X does not have valid feature names, but LGBMRegressor was fitted with feature names
  warnings.warn(
/home/aubjpm001/.conda/envs/portsdfl-predict/lib/python3.11/site-packages/sklearn/utils/validation.py:2827: UserWarning: X does not have valid feature names, but LGBMRegressor was fitted with feature names
  warnings.warn(
/home/aubjpm001/.conda/envs/portsdfl-predict/lib/python3.11/site-packages/sklearn/utils/validation.py:2827: UserWarning: X does not have valid feature names, but LGBMRegressor was fitted with feature names
  warnings.warn(
[I 2026-06-28 12:34:30,994] Trial 39 pruned. 
/home/aubjpm001/.conda/envs/portsdfl-predict/lib/python3.11/site-packages/sklearn/utils/validation.py:2827: UserWarning: X does not have valid feature names, but LGBMRegressor was fitted with feature names
  warnings.warn(
/home/aubjpm001/.conda/envs/portsdfl-predict/lib/python3.11/site-packages/sklearn/utils/validation.py:2827: UserWarning: X does not have valid feature names, but LGBMRegressor was fitted with feature names
  warnings.warn(
[I 2026-06-28 12:34:31,502] Trial 40 pruned. 
/home/aubjpm001/.conda/envs/portsdfl-predict/lib/python3.11/site-packages/sklearn/utils/validation.py:2827: UserWarning: X does not have valid feature names, but LGBMRegressor was fitted with feature names
  warnings.warn(
/home/aubjpm001/.conda/envs/portsdfl-predict/lib/python3.11/site-packages/sklearn/utils/validation.py:2827: UserWarning: X does not have valid feature names, but LGBMRegressor was fitted with feature names
  warnings.warn(
/home/aubjpm001/.conda/envs/portsdfl-predict/lib/python3.11/site-packages/sklearn/utils/validation.py:2827: UserWarning: X does not have valid feature names, but LGBMRegressor was fitted with feature names
  warnings.warn(
/home/aubjpm001/.conda/envs/portsdfl-predict/lib/python3.11/site-packages/sklearn/utils/validation.py:2827: UserWarning: X does not have valid feature names, but LGBMRegressor was fitted with feature names
  warnings.warn(
[I 2026-06-28 12:34:33,066] Trial 41 pruned. 
/home/aubjpm001/.conda/envs/portsdfl-predict/lib/python3.11/site-packages/sklearn/utils/validation.py:2827: UserWarning: X does not have valid feature names, but LGBMRegressor was fitted with feature names
  warnings.warn(
/home/aubjpm001/.conda/envs/portsdfl-predict/lib/python3.11/site-packages/sklearn/utils/validation.py:2827: UserWarning: X does not have valid feature names, but LGBMRegressor was fitted with feature names
  warnings.warn(
/home/aubjpm001/.conda/envs/portsdfl-predict/lib/python3.11/site-packages/sklearn/utils/validation.py:2827: UserWarning: X does not have valid feature names, but LGBMRegressor was fitted with feature names
  warnings.warn(
/home/aubjpm001/.conda/envs/portsdfl-predict/lib/python3.11/site-packages/sklearn/utils/validation.py:2827: UserWarning: X does not have valid feature names, but LGBMRegressor was fitted with feature names
  warnings.warn(
[I 2026-06-28 12:34:34,242] Trial 42 pruned. 
/home/aubjpm001/.conda/envs/portsdfl-predict/lib/python3.11/site-packages/sklearn/utils/validation.py:2827: UserWarning: X does not have valid feature names, but LGBMRegressor was fitted with feature names
  warnings.warn(
/home/aubjpm001/.conda/envs/portsdfl-predict/lib/python3.11/site-packages/sklearn/utils/validation.py:2827: UserWarning: X does not have valid feature names, but LGBMRegressor was fitted with feature names
  warnings.warn(
/home/aubjpm001/.conda/envs/portsdfl-predict/lib/python3.11/site-packages/sklearn/utils/validation.py:2827: UserWarning: X does not have valid feature names, but LGBMRegressor was fitted with feature names
  warnings.warn(
/home/aubjpm001/.conda/envs/portsdfl-predict/lib/python3.11/site-packages/sklearn/utils/validation.py:2827: UserWarning: X does not have valid feature names, but LGBMRegressor was fitted with feature names
  warnings.warn(
[I 2026-06-28 12:34:35,187] Trial 43 pruned. 
/home/aubjpm001/.conda/envs/portsdfl-predict/lib/python3.11/site-packages/sklearn/utils/validation.py:2827: UserWarning: X does not have valid feature names, but LGBMRegressor was fitted with feature names
  warnings.warn(
/home/aubjpm001/.conda/envs/portsdfl-predict/lib/python3.11/site-packages/sklearn/utils/validation.py:2827: UserWarning: X does not have valid feature names, but LGBMRegressor was fitted with feature names
  warnings.warn(
/home/aubjpm001/.conda/envs/portsdfl-predict/lib/python3.11/site-packages/sklearn/utils/validation.py:2827: UserWarning: X does not have valid feature names, but LGBMRegressor was fitted with feature names
  warnings.warn(
/home/aubjpm001/.conda/envs/portsdfl-predict/lib/python3.11/site-packages/sklearn/utils/validation.py:2827: UserWarning: X does not have valid feature names, but LGBMRegressor was fitted with feature names
  warnings.warn(
[I 2026-06-28 12:34:36,360] Trial 44 pruned. 
/home/aubjpm001/.conda/envs/portsdfl-predict/lib/python3.11/site-packages/sklearn/utils/validation.py:2827: UserWarning: X does not have valid feature names, but LGBMRegressor was fitted with feature names
  warnings.warn(
/home/aubjpm001/.conda/envs/portsdfl-predict/lib/python3.11/site-packages/sklearn/utils/validation.py:2827: UserWarning: X does not have valid feature names, but LGBMRegressor was fitted with feature names
  warnings.warn(
/home/aubjpm001/.conda/envs/portsdfl-predict/lib/python3.11/site-packages/sklearn/utils/validation.py:2827: UserWarning: X does not have valid feature names, but LGBMRegressor was fitted with feature names
  warnings.warn(
/home/aubjpm001/.conda/envs/portsdfl-predict/lib/python3.11/site-packages/sklearn/utils/validation.py:2827: UserWarning: X does not have valid feature names, but LGBMRegressor was fitted with feature names
  warnings.warn(
[I 2026-06-28 12:34:38,071] Trial 45 pruned. 
/home/aubjpm001/.conda/envs/portsdfl-predict/lib/python3.11/site-packages/sklearn/utils/validation.py:2827: UserWarning: X does not have valid feature names, but LGBMRegressor was fitted with feature names
  warnings.warn(
/home/aubjpm001/.conda/envs/portsdfl-predict/lib/python3.11/site-packages/sklearn/utils/validation.py:2827: UserWarning: X does not have valid feature names, but LGBMRegressor was fitted with feature names
  warnings.warn(
/home/aubjpm001/.conda/envs/portsdfl-predict/lib/python3.11/site-packages/sklearn/utils/validation.py:2827: UserWarning: X does not have valid feature names, but LGBMRegressor was fitted with feature names
  warnings.warn(
/home/aubjpm001/.conda/envs/portsdfl-predict/lib/python3.11/site-packages/sklearn/utils/validation.py:2827: UserWarning: X does not have valid feature names, but LGBMRegressor was fitted with feature names
  warnings.warn(
[I 2026-06-28 12:34:40,379] Trial 46 pruned. 
/home/aubjpm001/.conda/envs/portsdfl-predict/lib/python3.11/site-packages/sklearn/utils/validation.py:2827: UserWarning: X does not have valid feature names, but LGBMRegressor was fitted with feature names
  warnings.warn(
/home/aubjpm001/.conda/envs/portsdfl-predict/lib/python3.11/site-packages/sklearn/utils/validation.py:2827: UserWarning: X does not have valid feature names, but LGBMRegressor was fitted with feature names
  warnings.warn(
[I 2026-06-28 12:34:41,042] Trial 47 pruned. 
/home/aubjpm001/.conda/envs/portsdfl-predict/lib/python3.11/site-packages/sklearn/utils/validation.py:2827: UserWarning: X does not have valid feature names, but LGBMRegressor was fitted with feature names
  warnings.warn(
/home/aubjpm001/.conda/envs/portsdfl-predict/lib/python3.11/site-packages/sklearn/utils/validation.py:2827: UserWarning: X does not have valid feature names, but LGBMRegressor was fitted with feature names
  warnings.warn(
/home/aubjpm001/.conda/envs/portsdfl-predict/lib/python3.11/site-packages/sklearn/utils/validation.py:2827: UserWarning: X does not have valid feature names, but LGBMRegressor was fitted with feature names
  warnings.warn(
/home/aubjpm001/.conda/envs/portsdfl-predict/lib/python3.11/site-packages/sklearn/utils/validation.py:2827: UserWarning: X does not have valid feature names, but LGBMRegressor was fitted with feature names
  warnings.warn(
[I 2026-06-28 12:34:42,021] Trial 48 pruned. 
/home/aubjpm001/.conda/envs/portsdfl-predict/lib/python3.11/site-packages/sklearn/utils/validation.py:2827: UserWarning: X does not have valid feature names, but LGBMRegressor was fitted with feature names
  warnings.warn(
/home/aubjpm001/.conda/envs/portsdfl-predict/lib/python3.11/site-packages/sklearn/utils/validation.py:2827: UserWarning: X does not have valid feature names, but LGBMRegressor was fitted with feature names
  warnings.warn(
/home/aubjpm001/.conda/envs/portsdfl-predict/lib/python3.11/site-packages/sklearn/utils/validation.py:2827: UserWarning: X does not have valid feature names, but LGBMRegressor was fitted with feature names
  warnings.warn(
/home/aubjpm001/.conda/envs/portsdfl-predict/lib/python3.11/site-packages/sklearn/utils/validation.py:2827: UserWarning: X does not have valid feature names, but LGBMRegressor was fitted with feature names
  warnings.warn(
/home/aubjpm001/.conda/envs/portsdfl-predict/lib/python3.11/site-packages/sklearn/utils/validation.py:2827: UserWarning: X does not have valid feature names, but LGBMRegressor was fitted with feature names
  warnings.warn(
[I 2026-06-28 12:34:43,600] Trial 49 finished with value: 11.86349645514379 and parameters: {'learning_rate': 0.03574113264515876, 'num_leaves': 90, 'max_depth': 7, 'min_child_samples': 8, 'subsample': 0.8877288655935912, 'colsample_bytree': 0.654268609198057, 'reg_lambda': 1.7418586820329278, 'reg_alpha': 0.0674259134914043}. Best is trial 24 with value: 11.831714758018531.
/home/aubjpm001/.conda/envs/portsdfl-predict/lib/python3.11/site-packages/sklearn/utils/validation.py:2827: UserWarning: X does not have valid feature names, but LGBMRegressor was fitted with feature names
  warnings.warn(
/home/aubjpm001/.conda/envs/portsdfl-predict/lib/python3.11/site-packages/sklearn/utils/validation.py:2827: UserWarning: X does not have valid feature names, but LGBMRegressor was fitted with feature names
  warnings.warn(
[I 2026-06-28 12:34:44,165] Trial 50 pruned. 
/home/aubjpm001/.conda/envs/portsdfl-predict/lib/python3.11/site-packages/sklearn/utils/validation.py:2827: UserWarning: X does not have valid feature names, but LGBMRegressor was fitted with feature names
  warnings.warn(
/home/aubjpm001/.conda/envs/portsdfl-predict/lib/python3.11/site-packages/sklearn/utils/validation.py:2827: UserWarning: X does not have valid feature names, but LGBMRegressor was fitted with feature names
  warnings.warn(
[I 2026-06-28 12:34:44,864] Trial 51 pruned. 
/home/aubjpm001/.conda/envs/portsdfl-predict/lib/python3.11/site-packages/sklearn/utils/validation.py:2827: UserWarning: X does not have valid feature names, but LGBMRegressor was fitted with feature names
  warnings.warn(
/home/aubjpm001/.conda/envs/portsdfl-predict/lib/python3.11/site-packages/sklearn/utils/validation.py:2827: UserWarning: X does not have valid feature names, but LGBMRegressor was fitted with feature names
  warnings.warn(
[I 2026-06-28 12:34:47,096] Trial 52 pruned. 
/home/aubjpm001/.conda/envs/portsdfl-predict/lib/python3.11/site-packages/sklearn/utils/validation.py:2827: UserWarning: X does not have valid feature names, but LGBMRegressor was fitted with feature names
  warnings.warn(
/home/aubjpm001/.conda/envs/portsdfl-predict/lib/python3.11/site-packages/sklearn/utils/validation.py:2827: UserWarning: X does not have valid feature names, but LGBMRegressor was fitted with feature names
  warnings.warn(
/home/aubjpm001/.conda/envs/portsdfl-predict/lib/python3.11/site-packages/sklearn/utils/validation.py:2827: UserWarning: X does not have valid feature names, but LGBMRegressor was fitted with feature names
  warnings.warn(
/home/aubjpm001/.conda/envs/portsdfl-predict/lib/python3.11/site-packages/sklearn/utils/validation.py:2827: UserWarning: X does not have valid feature names, but LGBMRegressor was fitted with feature names
  warnings.warn(
[I 2026-06-28 12:34:48,630] Trial 53 pruned. 
/home/aubjpm001/.conda/envs/portsdfl-predict/lib/python3.11/site-packages/sklearn/utils/validation.py:2827: UserWarning: X does not have valid feature names, but LGBMRegressor was fitted with feature names
  warnings.warn(
/home/aubjpm001/.conda/envs/portsdfl-predict/lib/python3.11/site-packages/sklearn/utils/validation.py:2827: UserWarning: X does not have valid feature names, but LGBMRegressor was fitted with feature names
  warnings.warn(
/home/aubjpm001/.conda/envs/portsdfl-predict/lib/python3.11/site-packages/sklearn/utils/validation.py:2827: UserWarning: X does not have valid feature names, but LGBMRegressor was fitted with feature names
  warnings.warn(
/home/aubjpm001/.conda/envs/portsdfl-predict/lib/python3.11/site-packages/sklearn/utils/validation.py:2827: UserWarning: X does not have valid feature names, but LGBMRegressor was fitted with feature names
  warnings.warn(
/home/aubjpm001/.conda/envs/portsdfl-predict/lib/python3.11/site-packages/sklearn/utils/validation.py:2827: UserWarning: X does not have valid feature names, but LGBMRegressor was fitted with feature names
  warnings.warn(
[I 2026-06-28 12:34:50,005] Trial 54 finished with value: 11.883599561360432 and parameters: {'learning_rate': 0.04489614087454469, 'num_leaves': 231, 'max_depth': 8, 'min_child_samples': 27, 'subsample': 0.8960688584024266, 'colsample_bytree': 0.6990862416495975, 'reg_lambda': 0.27381931891772476, 'reg_alpha': 0.09026251038550018}. Best is trial 24 with value: 11.831714758018531.
/home/aubjpm001/.conda/envs/portsdfl-predict/lib/python3.11/site-packages/sklearn/utils/validation.py:2827: UserWarning: X does not have valid feature names, but LGBMRegressor was fitted with feature names
  warnings.warn(
/home/aubjpm001/.conda/envs/portsdfl-predict/lib/python3.11/site-packages/sklearn/utils/validation.py:2827: UserWarning: X does not have valid feature names, but LGBMRegressor was fitted with feature names
  warnings.warn(
/home/aubjpm001/.conda/envs/portsdfl-predict/lib/python3.11/site-packages/sklearn/utils/validation.py:2827: UserWarning: X does not have valid feature names, but LGBMRegressor was fitted with feature names
  warnings.warn(
/home/aubjpm001/.conda/envs/portsdfl-predict/lib/python3.11/site-packages/sklearn/utils/validation.py:2827: UserWarning: X does not have valid feature names, but LGBMRegressor was fitted with feature names
  warnings.warn(
/home/aubjpm001/.conda/envs/portsdfl-predict/lib/python3.11/site-packages/sklearn/utils/validation.py:2827: UserWarning: X does not have valid feature names, but LGBMRegressor was fitted with feature names
  warnings.warn(
[I 2026-06-28 12:34:54,911] Trial 55 finished with value: 11.837103447407653 and parameters: {'learning_rate': 0.006873532170389425, 'num_leaves': 127, 'max_depth': 9, 'min_child_samples': 17, 'subsample': 0.8761178036159926, 'colsample_bytree': 0.6733079412416689, 'reg_lambda': 8.96483846562826, 'reg_alpha': 0.008438036892818402}. Best is trial 24 with value: 11.831714758018531.
/home/aubjpm001/.conda/envs/portsdfl-predict/lib/python3.11/site-packages/sklearn/utils/validation.py:2827: UserWarning: X does not have valid feature names, but LGBMRegressor was fitted with feature names
  warnings.warn(
/home/aubjpm001/.conda/envs/portsdfl-predict/lib/python3.11/site-packages/sklearn/utils/validation.py:2827: UserWarning: X does not have valid feature names, but LGBMRegressor was fitted with feature names
  warnings.warn(
[I 2026-06-28 12:34:55,600] Trial 56 pruned. 
/home/aubjpm001/.conda/envs/portsdfl-predict/lib/python3.11/site-packages/sklearn/utils/validation.py:2827: UserWarning: X does not have valid feature names, but LGBMRegressor was fitted with feature names
  warnings.warn(
/home/aubjpm001/.conda/envs/portsdfl-predict/lib/python3.11/site-packages/sklearn/utils/validation.py:2827: UserWarning: X does not have valid feature names, but LGBMRegressor was fitted with feature names
  warnings.warn(
/home/aubjpm001/.conda/envs/portsdfl-predict/lib/python3.11/site-packages/sklearn/utils/validation.py:2827: UserWarning: X does not have valid feature names, but LGBMRegressor was fitted with feature names
  warnings.warn(
/home/aubjpm001/.conda/envs/portsdfl-predict/lib/python3.11/site-packages/sklearn/utils/validation.py:2827: UserWarning: X does not have valid feature names, but LGBMRegressor was fitted with feature names
  warnings.warn(
/home/aubjpm001/.conda/envs/portsdfl-predict/lib/python3.11/site-packages/sklearn/utils/validation.py:2827: UserWarning: X does not have valid feature names, but LGBMRegressor was fitted with feature names
  warnings.warn(
[I 2026-06-28 12:35:00,194] Trial 57 finished with value: 11.864893151840828 and parameters: {'learning_rate': 0.006733063572464507, 'num_leaves': 157, 'max_depth': 10, 'min_child_samples': 33, 'subsample': 0.9861037562064223, 'colsample_bytree': 0.551775490119496, 'reg_lambda': 0.8462959408882823, 'reg_alpha': 0.017679492019137114}. Best is trial 24 with value: 11.831714758018531.
/home/aubjpm001/.conda/envs/portsdfl-predict/lib/python3.11/site-packages/sklearn/utils/validation.py:2827: UserWarning: X does not have valid feature names, but LGBMRegressor was fitted with feature names
  warnings.warn(
/home/aubjpm001/.conda/envs/portsdfl-predict/lib/python3.11/site-packages/sklearn/utils/validation.py:2827: UserWarning: X does not have valid feature names, but LGBMRegressor was fitted with feature names
  warnings.warn(
/home/aubjpm001/.conda/envs/portsdfl-predict/lib/python3.11/site-packages/sklearn/utils/validation.py:2827: UserWarning: X does not have valid feature names, but LGBMRegressor was fitted with feature names
  warnings.warn(
/home/aubjpm001/.conda/envs/portsdfl-predict/lib/python3.11/site-packages/sklearn/utils/validation.py:2827: UserWarning: X does not have valid feature names, but LGBMRegressor was fitted with feature names
  warnings.warn(
/home/aubjpm001/.conda/envs/portsdfl-predict/lib/python3.11/site-packages/sklearn/utils/validation.py:2827: UserWarning: X does not have valid feature names, but LGBMRegressor was fitted with feature names
  warnings.warn(
[I 2026-06-28 12:35:05,438] Trial 58 finished with value: 11.873090752643206 and parameters: {'learning_rate': 0.006389694681803622, 'num_leaves': 160, 'max_depth': 11, 'min_child_samples': 34, 'subsample': 0.9806197369067515, 'colsample_bytree': 0.7225936861135912, 'reg_lambda': 11.356835428025718, 'reg_alpha': 0.019929579256191918}. Best is trial 24 with value: 11.831714758018531.
/home/aubjpm001/.conda/envs/portsdfl-predict/lib/python3.11/site-packages/sklearn/utils/validation.py:2827: UserWarning: X does not have valid feature names, but LGBMRegressor was fitted with feature names
  warnings.warn(
/home/aubjpm001/.conda/envs/portsdfl-predict/lib/python3.11/site-packages/sklearn/utils/validation.py:2827: UserWarning: X does not have valid feature names, but LGBMRegressor was fitted with feature names
  warnings.warn(
/home/aubjpm001/.conda/envs/portsdfl-predict/lib/python3.11/site-packages/sklearn/utils/validation.py:2827: UserWarning: X does not have valid feature names, but LGBMRegressor was fitted with feature names
  warnings.warn(
/home/aubjpm001/.conda/envs/portsdfl-predict/lib/python3.11/site-packages/sklearn/utils/validation.py:2827: UserWarning: X does not have valid feature names, but LGBMRegressor was fitted with feature names
  warnings.warn(
/home/aubjpm001/.conda/envs/portsdfl-predict/lib/python3.11/site-packages/sklearn/utils/validation.py:2827: UserWarning: X does not have valid feature names, but LGBMRegressor was fitted with feature names
  warnings.warn(
