
The following have been reloaded with a version change:
  1) cuda/12.6.0_rocky9 => cuda/11.8.0       4) mpc/1.1.0-mheibzt => mpc/1.3.1
  2) gcc/11.3.0-o2cd4vz => gcc/9.5.0_all     5) mpfr/3.1.6-3ojkize => mpfr/4.2.0
  3) gmp/6.2.1-sh44noy => gmp/6.2.1

[Sun Jun 28 12:58:10 CDT 2026] Training 'tabm' on asaxg005 | data=/home/aubjpm001/portsDFL/data/training_dataset.csv
2026-06-28 12:58:15,025 INFO Loading dataset...
2026-06-28 12:58:15,055 INFO rows=5589 folds=5 models=['tabm']
2026-06-28 12:58:15,059 INFO === tabm (neural, 40 trials) ===
[I 2026-06-28 12:58:15,704] A new study created in RDB with name: tabm
[I 2026-06-28 12:59:18,393] Trial 0 finished with value: 14.80428902897969 and parameters: {'k_ensemble': 16, 'hidden_dim': 192, 'depth': 2, 'dropout': 0.0, 'lr': 0.00010994335574766199, 'weight_decay': 0.0008706020878304854}. Best is trial 0 with value: 14.80428902897969.
[I 2026-06-28 13:00:22,468] Trial 1 finished with value: 12.430931432667515 and parameters: {'k_ensemble': 8, 'hidden_dim': 768, 'depth': 3, 'dropout': 0.1, 'lr': 0.0003839629299804173, 'weight_decay': 5.4041038546473305e-05}. Best is trial 1 with value: 12.430931432667515.
[I 2026-06-28 13:00:44,744] Trial 2 finished with value: 12.177467854832425 and parameters: {'k_ensemble': 16, 'hidden_dim': 384, 'depth': 3, 'dropout': 0.15, 'lr': 0.00853618986286683, 'weight_decay': 0.0004138040112561013}. Best is trial 2 with value: 12.177467854832425.
[I 2026-06-28 13:01:49,490] Trial 3 finished with value: 12.773827700804835 and parameters: {'k_ensemble': 32, 'hidden_dim': 768, 'depth': 2, 'dropout': 0.0, 'lr': 0.0004201672054372534, 'weight_decay': 0.00010968217207529509}. Best is trial 2 with value: 12.177467854832425.
[I 2026-06-28 13:02:50,043] Trial 4 finished with value: 14.181710933492022 and parameters: {'k_ensemble': 32, 'hidden_dim': 384, 'depth': 3, 'dropout': 0.0, 'lr': 0.00012315571723666037, 'weight_decay': 4.473636174621264e-05}. Best is trial 2 with value: 12.177467854832425.
[I 2026-06-28 13:03:18,139] Trial 5 finished with value: 12.11827585502807 and parameters: {'k_ensemble': 32, 'hidden_dim': 768, 'depth': 2, 'dropout': 0.15, 'lr': 0.0035033984911586884, 'weight_decay': 2.497073714505272e-05}. Best is trial 5 with value: 12.11827585502807.
[I 2026-06-28 13:04:25,818] Trial 6 finished with value: 12.653261134509439 and parameters: {'k_ensemble': 16, 'hidden_dim': 384, 'depth': 3, 'dropout': 0.1, 'lr': 0.0004589824181495653, 'weight_decay': 1.3400367243354803e-05}. Best is trial 5 with value: 12.11827585502807.
[I 2026-06-28 13:04:54,077] Trial 7 finished with value: 12.05452663869883 and parameters: {'k_ensemble': 32, 'hidden_dim': 384, 'depth': 2, 'dropout': 0.1, 'lr': 0.003482846706526885, 'weight_decay': 9.718319944817387e-05}. Best is trial 7 with value: 12.05452663869883.
[I 2026-06-28 13:05:48,172] Trial 8 finished with value: 12.398131262866002 and parameters: {'k_ensemble': 8, 'hidden_dim': 768, 'depth': 2, 'dropout': 0.1, 'lr': 0.000661859559718348, 'weight_decay': 0.0003244160088734161}. Best is trial 7 with value: 12.05452663869883.
[I 2026-06-28 13:06:10,394] Trial 9 finished with value: 12.237860413300055 and parameters: {'k_ensemble': 32, 'hidden_dim': 384, 'depth': 3, 'dropout': 0.0, 'lr': 0.006097025297491433, 'weight_decay': 0.00011986281799901183}. Best is trial 7 with value: 12.05452663869883.
[I 2026-06-28 13:06:56,935] Trial 10 finished with value: 12.2188224297829 and parameters: {'k_ensemble': 32, 'hidden_dim': 192, 'depth': 4, 'dropout': 0.1, 'lr': 0.0019062374828215111, 'weight_decay': 0.0001802356495580079}. Best is trial 7 with value: 12.05452663869883.
[I 2026-06-28 13:07:31,081] Trial 11 finished with value: 12.108151686191727 and parameters: {'k_ensemble': 32, 'hidden_dim': 768, 'depth': 2, 'dropout': 0.15, 'lr': 0.0027337623894788765, 'weight_decay': 1.0469394666517482e-05}. Best is trial 7 with value: 12.05452663869883.
[I 2026-06-28 13:08:17,157] Trial 12 finished with value: 12.078104225786163 and parameters: {'k_ensemble': 32, 'hidden_dim': 768, 'depth': 2, 'dropout': 0.15, 'lr': 0.0016382061352101032, 'weight_decay': 1.0363256143160146e-05}. Best is trial 7 with value: 12.05452663869883.
[I 2026-06-28 13:09:10,968] Trial 13 finished with value: 12.244010849393582 and parameters: {'k_ensemble': 32, 'hidden_dim': 384, 'depth': 2, 'dropout': 0.15, 'lr': 0.0012675125757508274, 'weight_decay': 3.165760855657466e-05}. Best is trial 7 with value: 12.05452663869883.
[I 2026-06-28 13:10:12,591] Trial 14 finished with value: 12.514697030787648 and parameters: {'k_ensemble': 32, 'hidden_dim': 192, 'depth': 2, 'dropout': 0.15, 'lr': 0.00112821972105747, 'weight_decay': 2.0491209163211132e-05}. Best is trial 7 with value: 12.05452663869883.
[I 2026-06-28 13:10:46,937] Trial 15 finished with value: 12.26545719617677 and parameters: {'k_ensemble': 8, 'hidden_dim': 768, 'depth': 4, 'dropout': 0.1, 'lr': 0.004160617933756003, 'weight_decay': 7.093616707447229e-05}. Best is trial 7 with value: 12.05452663869883.
[I 2026-06-28 13:11:31,741] Trial 16 finished with value: 12.099626480027473 and parameters: {'k_ensemble': 32, 'hidden_dim': 384, 'depth': 2, 'dropout': 0.15, 'lr': 0.0018288104180760958, 'weight_decay': 0.00027348080233891687}. Best is trial 7 with value: 12.05452663869883.
[I 2026-06-28 13:11:52,602] Trial 17 finished with value: 12.265029612456905 and parameters: {'k_ensemble': 32, 'hidden_dim': 384, 'depth': 3, 'dropout': 0.1, 'lr': 0.009838279335482415, 'weight_decay': 0.0008680399316661732}. Best is trial 7 with value: 12.05452663869883.
[I 2026-06-28 13:12:45,274] Trial 18 finished with value: 12.247151687639706 and parameters: {'k_ensemble': 16, 'hidden_dim': 768, 'depth': 2, 'dropout': 0.15, 'lr': 0.0010277298982457146, 'weight_decay': 1.5347430735707678e-05}. Best is trial 7 with value: 12.05452663869883.
[I 2026-06-28 13:13:43,967] Trial 19 finished with value: 14.117897986643053 and parameters: {'k_ensemble': 8, 'hidden_dim': 192, 'depth': 2, 'dropout': 0.1, 'lr': 0.00021914805291808694, 'weight_decay': 9.010369120917299e-05}. Best is trial 7 with value: 12.05452663869883.
[I 2026-06-28 13:14:12,808] Trial 20 finished with value: 12.192159372246243 and parameters: {'k_ensemble': 32, 'hidden_dim': 768, 'depth': 3, 'dropout': 0.15, 'lr': 0.004863201622865435, 'weight_decay': 3.679714071105635e-05}. Best is trial 7 with value: 12.05452663869883.
[I 2026-06-28 13:14:56,575] Trial 21 finished with value: 12.14018439947083 and parameters: {'k_ensemble': 32, 'hidden_dim': 384, 'depth': 2, 'dropout': 0.15, 'lr': 0.0018140264481372012, 'weight_decay': 0.00023413982728562216}. Best is trial 7 with value: 12.05452663869883.
[I 2026-06-28 13:15:34,154] Trial 22 finished with value: 12.04941689209583 and parameters: {'k_ensemble': 32, 'hidden_dim': 384, 'depth': 2, 'dropout': 0.15, 'lr': 0.002333879481002412, 'weight_decay': 0.0005441960156343054}. Best is trial 22 with value: 12.04941689209583.
[I 2026-06-28 13:16:12,418] Trial 23 finished with value: 12.035251729390444 and parameters: {'k_ensemble': 32, 'hidden_dim': 384, 'depth': 2, 'dropout': 0.15, 'lr': 0.0024276869770699853, 'weight_decay': 0.0005413011276919297}. Best is trial 23 with value: 12.035251729390444.
[I 2026-06-28 13:16:48,505] Trial 24 finished with value: 12.057291316361582 and parameters: {'k_ensemble': 32, 'hidden_dim': 384, 'depth': 2, 'dropout': 0.15, 'lr': 0.002714988193146744, 'weight_decay': 0.0005450721698389965}. Best is trial 23 with value: 12.035251729390444.
[I 2026-06-28 13:17:23,199] Trial 25 finished with value: 12.069079110368948 and parameters: {'k_ensemble': 32, 'hidden_dim': 384, 'depth': 2, 'dropout': 0.1, 'lr': 0.002905140600125526, 'weight_decay': 0.0006412358633324013}. Best is trial 23 with value: 12.035251729390444.
[I 2026-06-28 13:17:49,121] Trial 26 finished with value: 12.02411248867843 and parameters: {'k_ensemble': 32, 'hidden_dim': 384, 'depth': 2, 'dropout': 0.15, 'lr': 0.005586728257879582, 'weight_decay': 0.00015939886747885158}. Best is trial 26 with value: 12.02411248867843.
[I 2026-06-28 13:18:10,241] Trial 27 finished with value: 12.108830429971727 and parameters: {'k_ensemble': 32, 'hidden_dim': 384, 'depth': 2, 'dropout': 0.15, 'lr': 0.006462109805456858, 'weight_decay': 0.000163339872982014}. Best is trial 26 with value: 12.02411248867843.
[I 2026-06-28 13:18:37,446] Trial 28 finished with value: 12.11650868068167 and parameters: {'k_ensemble': 8, 'hidden_dim': 384, 'depth': 3, 'dropout': 0.15, 'lr': 0.006160935734135189, 'weight_decay': 0.0004079667669855477}. Best is trial 26 with value: 12.02411248867843.
[I 2026-06-28 13:19:38,302] Trial 29 finished with value: 12.714388943064643 and parameters: {'k_ensemble': 16, 'hidden_dim': 192, 'depth': 2, 'dropout': 0.0, 'lr': 0.0007087900743093772, 'weight_decay': 0.000982338872421125}. Best is trial 26 with value: 12.02411248867843.
[I 2026-06-28 13:20:12,762] Trial 30 finished with value: 12.090884801529413 and parameters: {'k_ensemble': 16, 'hidden_dim': 384, 'depth': 2, 'dropout': 0.15, 'lr': 0.002372140262777016, 'weight_decay': 0.0005925363235765338}. Best is trial 26 with value: 12.02411248867843.
[I 2026-06-28 13:20:41,555] Trial 31 finished with value: 12.039116040230217 and parameters: {'k_ensemble': 32, 'hidden_dim': 384, 'depth': 2, 'dropout': 0.15, 'lr': 0.004209051825988978, 'weight_decay': 0.00018248304051989405}. Best is trial 26 with value: 12.02411248867843.
[I 2026-06-28 13:21:05,631] Trial 32 finished with value: 12.159239568860412 and parameters: {'k_ensemble': 32, 'hidden_dim': 384, 'depth': 2, 'dropout': 0.15, 'lr': 0.004938406267954894, 'weight_decay': 0.00017096966894437335}. Best is trial 26 with value: 12.02411248867843.
[I 2026-06-28 13:21:25,971] Trial 33 finished with value: 12.141488901451648 and parameters: {'k_ensemble': 32, 'hidden_dim': 384, 'depth': 2, 'dropout': 0.15, 'lr': 0.007826954990467677, 'weight_decay': 0.00039327307654575284}. Best is trial 26 with value: 12.02411248867843.
[I 2026-06-28 13:21:58,280] Trial 34 finished with value: 12.032966331392887 and parameters: {'k_ensemble': 32, 'hidden_dim': 384, 'depth': 2, 'dropout': 0.15, 'lr': 0.0038945022739287887, 'weight_decay': 0.0002145843798167354}. Best is trial 26 with value: 12.02411248867843.
[I 2026-06-28 13:22:27,165] Trial 35 finished with value: 12.069971637895849 and parameters: {'k_ensemble': 32, 'hidden_dim': 384, 'depth': 2, 'dropout': 0.15, 'lr': 0.003923643764161893, 'weight_decay': 0.00022486350866560508}. Best is trial 26 with value: 12.02411248867843.
[I 2026-06-28 13:22:48,844] Trial 36 finished with value: 12.232622532625436 and parameters: {'k_ensemble': 32, 'hidden_dim': 384, 'depth': 3, 'dropout': 0.0, 'lr': 0.007969053481571484, 'weight_decay': 0.00013531981752009148}. Best is trial 26 with value: 12.02411248867843.
[I 2026-06-28 13:23:12,092] Trial 37 finished with value: 12.169357801035716 and parameters: {'k_ensemble': 8, 'hidden_dim': 384, 'depth': 2, 'dropout': 0.15, 'lr': 0.004986094761955656, 'weight_decay': 7.764046280812355e-05}. Best is trial 26 with value: 12.02411248867843.
[I 2026-06-28 13:23:44,289] Trial 38 finished with value: 12.089203104290581 and parameters: {'k_ensemble': 16, 'hidden_dim': 384, 'depth': 2, 'dropout': 0.15, 'lr': 0.00341262758024965, 'weight_decay': 0.0003078267783873467}. Best is trial 26 with value: 12.02411248867843.
[I 2026-06-28 13:24:36,006] Trial 39 finished with value: 12.187330458332694 and parameters: {'k_ensemble': 32, 'hidden_dim': 384, 'depth': 2, 'dropout': 0.15, 'lr': 0.0014811063371986055, 'weight_decay': 6.692146345929238e-05}. Best is trial 26 with value: 12.02411248867843.
2026-06-28 13:24:36,052 INFO [tabm] best trial #26  MAE=12.024h
2026-06-28 13:24:40,088 INFO [tabm] fold 1/5  MAE=12.28h
2026-06-28 13:24:44,333 INFO [tabm] fold 2/5  MAE=12.04h
2026-06-28 13:24:48,692 INFO [tabm] fold 3/5  MAE=12.32h
2026-06-28 13:24:53,234 INFO [tabm] fold 4/5  MAE=11.90h
2026-06-28 13:24:59,362 INFO [tabm] fold 5/5  MAE=12.22h
2026-06-28 13:25:04,526 INFO [tabm] saved -> /home/aubjpm001/portsDFL/prediction_models/artifacts/tabm.pkl  (CV MAE 12.151 h)
2026-06-28 13:25:04,526 INFO Done. Artifacts in /home/aubjpm001/portsDFL/prediction_models/artifacts ; run scripts/compare.py for the leaderboard.
