
The following have been reloaded with a version change:
  1) cuda/12.6.0_rocky9 => cuda/11.8.0       4) mpc/1.1.0-mheibzt => mpc/1.3.1
  2) gcc/11.3.0-o2cd4vz => gcc/9.5.0_all     5) mpfr/3.1.6-3ojkize => mpfr/4.2.0
  3) gmp/6.2.1-sh44noy => gmp/6.2.1

[Sun Jun 28 12:32:53 CDT 2026] Training 'xgb' on asaxg005 | data=/home/aubjpm001/portsDFL/data/training_dataset.csv
2026-06-28 12:33:04,498 INFO Loading dataset...
2026-06-28 12:33:04,621 INFO rows=5589 folds=5 models=['xgb']
2026-06-28 12:33:04,629 INFO === xgb (tree, 100 trials) ===
[I 2026-06-28 12:33:05,711] A new study created in RDB with name: xgb
[I 2026-06-28 12:33:09,945] Trial 0 finished with value: 11.746490567161691 and parameters: {'learning_rate': 0.008468008575248327, 'max_depth': 10, 'min_child_weight': 15.702970884055382, 'subsample': 0.7993292420985183, 'colsample_bytree': 0.5780093202212182, 'reg_lambda': 0.0060252157362038605, 'reg_alpha': 0.0019517224641449498, 'gamma': 2.9154431891537547}. Best is trial 0 with value: 11.746490567161691.
[I 2026-06-28 12:33:10,716] Trial 1 pruned. 
[I 2026-06-28 12:33:12,604] Trial 2 pruned. 
[I 2026-06-28 12:33:16,009] Trial 3 finished with value: 11.85106803574546 and parameters: {'learning_rate': 0.013481575603601416, 'max_depth': 9, 'min_child_weight': 0.3972110727381912, 'subsample': 0.7571172192068059, 'colsample_bytree': 0.7962072844310213, 'reg_lambda': 0.0017070728830306638, 'reg_alpha': 1.0907475835157696, 'gamma': 0.004809461967501573}. Best is trial 0 with value: 11.746490567161691.
[I 2026-06-28 12:33:21,806] Trial 4 pruned. 
[I 2026-06-28 12:33:26,718] Trial 5 pruned. 
[I 2026-06-28 12:33:27,886] Trial 6 pruned. 
[I 2026-06-28 12:33:29,808] Trial 7 pruned. 
[I 2026-06-28 12:33:35,443] Trial 8 pruned. 
[I 2026-06-28 12:33:39,389] Trial 9 pruned. 
[I 2026-06-28 12:33:39,867] Trial 10 pruned. 
[I 2026-06-28 12:33:41,110] Trial 11 pruned. 
[I 2026-06-28 12:33:43,865] Trial 12 pruned. 
[I 2026-06-28 12:33:44,805] Trial 13 pruned. 
[I 2026-06-28 12:33:47,042] Trial 14 pruned. 
[I 2026-06-28 12:33:48,312] Trial 15 finished with value: 11.871826322907896 and parameters: {'learning_rate': 0.05340980665553121, 'max_depth': 8, 'min_child_weight': 17.13533201532823, 'subsample': 0.5827781406926889, 'colsample_bytree': 0.7128359496853542, 'reg_lambda': 0.523363423203137, 'reg_alpha': 0.006162436318182614, 'gamma': 1.508625542422029}. Best is trial 0 with value: 11.746490567161691.
[I 2026-06-28 12:33:52,106] Trial 16 pruned. 
[I 2026-06-28 12:33:54,573] Trial 17 finished with value: 11.840117505478569 and parameters: {'learning_rate': 0.013761364624907643, 'max_depth': 6, 'min_child_weight': 0.5823327398347292, 'subsample': 0.7112085272015463, 'colsample_bytree': 0.5774556849754768, 'reg_lambda': 0.007180604399785914, 'reg_alpha': 0.9839961768731427, 'gamma': 0.012701877952916336}. Best is trial 0 with value: 11.746490567161691.
[I 2026-06-28 12:33:55,091] Trial 18 pruned. 
[I 2026-06-28 12:33:57,544] Trial 19 pruned. 
[I 2026-06-28 12:33:59,900] Trial 20 pruned. 
[I 2026-06-28 12:34:02,656] Trial 21 pruned. 
[I 2026-06-28 12:34:06,174] Trial 22 pruned. 
[I 2026-06-28 12:34:07,022] Trial 23 pruned. 
[I 2026-06-28 12:34:08,486] Trial 24 pruned. 
[I 2026-06-28 12:34:11,501] Trial 25 finished with value: 11.794421534937758 and parameters: {'learning_rate': 0.014101164622878502, 'max_depth': 8, 'min_child_weight': 0.4538207547561712, 'subsample': 0.8053938650688772, 'colsample_bytree': 0.7464803123172143, 'reg_lambda': 0.13450582280784823, 'reg_alpha': 0.10746278930179412, 'gamma': 1.8146966615365294}. Best is trial 0 with value: 11.746490567161691.
[I 2026-06-28 12:34:13,119] Trial 26 pruned. 
[I 2026-06-28 12:34:13,661] Trial 27 pruned. 
[I 2026-06-28 12:34:14,846] Trial 28 pruned. 
[I 2026-06-28 12:34:15,846] Trial 29 pruned. 
[I 2026-06-28 12:34:17,965] Trial 30 pruned. 
[I 2026-06-28 12:34:20,548] Trial 31 pruned. 
[I 2026-06-28 12:34:24,109] Trial 32 pruned. 
[I 2026-06-28 12:34:27,331] Trial 33 finished with value: 11.801692164103848 and parameters: {'learning_rate': 0.010169293699000582, 'max_depth': 8, 'min_child_weight': 2.171583056440915, 'subsample': 0.7483853059404293, 'colsample_bytree': 0.8112165421584392, 'reg_lambda': 0.0019346424747593294, 'reg_alpha': 0.5153414883296245, 'gamma': 0.04213189352257196}. Best is trial 0 with value: 11.746490567161691.
[I 2026-06-28 12:34:28,724] Trial 34 pruned. 
[I 2026-06-28 12:34:32,048] Trial 35 pruned. 
[I 2026-06-28 12:34:32,771] Trial 36 pruned. 
[I 2026-06-28 12:34:34,882] Trial 37 pruned. 
[I 2026-06-28 12:34:36,462] Trial 38 pruned. 
[I 2026-06-28 12:34:46,385] Trial 39 pruned. 
[I 2026-06-28 12:34:48,420] Trial 40 pruned. 
[I 2026-06-28 12:34:49,581] Trial 41 pruned. 
[I 2026-06-28 12:34:52,314] Trial 42 pruned. 
[I 2026-06-28 12:34:58,214] Trial 43 finished with value: 11.811123326479251 and parameters: {'learning_rate': 0.006735700357459894, 'max_depth': 9, 'min_child_weight': 0.10152113036022592, 'subsample': 0.7940799199987577, 'colsample_bytree': 0.7527846095875071, 'reg_lambda': 0.0011208689054743384, 'reg_alpha': 1.1769818782488775, 'gamma': 0.003815498350696033}. Best is trial 0 with value: 11.746490567161691.
[I 2026-06-28 12:35:02,374] Trial 44 pruned. 
[I 2026-06-28 12:35:06,541] Trial 45 pruned. 
[I 2026-06-28 12:35:12,792] Trial 46 finished with value: 11.769307978106326 and parameters: {'learning_rate': 0.004433491844027821, 'max_depth': 9, 'min_child_weight': 4.670547611538151, 'subsample': 0.7890870539419066, 'colsample_bytree': 0.6748978275319333, 'reg_lambda': 0.0010442670359742555, 'reg_alpha': 0.1995079457394073, 'gamma': 0.004390252734767515}. Best is trial 0 with value: 11.746490567161691.
[I 2026-06-28 12:35:19,638] Trial 47 finished with value: 11.75882143383814 and parameters: {'learning_rate': 0.004004860262239154, 'max_depth': 9, 'min_child_weight': 4.968332939359179, 'subsample': 0.7937226061491508, 'colsample_bytree': 0.6771291535654584, 'reg_lambda': 0.001029051160431037, 'reg_alpha': 0.19649914813973782, 'gamma': 0.004435042719266101}. Best is trial 0 with value: 11.746490567161691.
[I 2026-06-28 12:35:27,597] Trial 48 pruned. 
[I 2026-06-28 12:35:33,197] Trial 49 finished with value: 11.763859887406662 and parameters: {'learning_rate': 0.004545266503607224, 'max_depth': 8, 'min_child_weight': 4.396728326460203, 'subsample': 0.7684264963126386, 'colsample_bytree': 0.7286252099485863, 'reg_lambda': 0.004237571746042524, 'reg_alpha': 0.044245082534956515, 'gamma': 0.007874038421013587}. Best is trial 0 with value: 11.746490567161691.
[I 2026-06-28 12:35:38,434] Trial 50 finished with value: 11.7682090993865 and parameters: {'learning_rate': 0.004697644454837897, 'max_depth': 9, 'min_child_weight': 21.09817106664101, 'subsample': 0.7839503813727394, 'colsample_bytree': 0.7277651161940554, 'reg_lambda': 0.004147714549236054, 'reg_alpha': 0.04299594650592075, 'gamma': 0.003841403381979195}. Best is trial 0 with value: 11.746490567161691.
[I 2026-06-28 12:35:42,944] Trial 51 pruned. 
[I 2026-06-28 12:35:49,057] Trial 52 pruned. 
[I 2026-06-28 12:35:53,282] Trial 53 pruned. 
[I 2026-06-28 12:35:59,283] Trial 54 finished with value: 11.764494841585842 and parameters: {'learning_rate': 0.004207956734864009, 'max_depth': 8, 'min_child_weight': 4.142496008929165, 'subsample': 0.8337263431222037, 'colsample_bytree': 0.7253258738384242, 'reg_lambda': 0.0780443348168709, 'reg_alpha': 0.014343756342943435, 'gamma': 0.001732139505563365}. Best is trial 0 with value: 11.746490567161691.
[I 2026-06-28 12:36:04,822] Trial 55 pruned. 
[I 2026-06-28 12:36:11,473] Trial 56 finished with value: 11.757709006286337 and parameters: {'learning_rate': 0.003851961995451939, 'max_depth': 9, 'min_child_weight': 6.919347304013337, 'subsample': 0.8304872461059097, 'colsample_bytree': 0.7279481072542526, 'reg_lambda': 0.01972294003902942, 'reg_alpha': 0.03763014101403231, 'gamma': 0.0074279037498362396}. Best is trial 0 with value: 11.746490567161691.
[I 2026-06-28 12:36:18,347] Trial 57 finished with value: 11.745531537887862 and parameters: {'learning_rate': 0.0034740042022536164, 'max_depth': 8, 'min_child_weight': 7.5811150469541015, 'subsample': 0.8294840071244047, 'colsample_bytree': 0.7248054533241625, 'reg_lambda': 0.04208201320743381, 'reg_alpha': 0.03661047421927013, 'gamma': 0.01710767820308635}. Best is trial 57 with value: 11.745531537887862.
[I 2026-06-28 12:36:23,652] Trial 58 pruned. 
[I 2026-06-28 12:36:29,074] Trial 59 pruned. 
[I 2026-06-28 12:36:36,195] Trial 60 finished with value: 11.777514609167232 and parameters: {'learning_rate': 0.0030283521394763807, 'max_depth': 8, 'min_child_weight': 8.270112046948283, 'subsample': 0.8707133981313377, 'colsample_bytree': 0.6084821970052378, 'reg_lambda': 0.01841922559275007, 'reg_alpha': 0.032337726071453896, 'gamma': 0.015060365179480836}. Best is trial 57 with value: 11.745531537887862.
[I 2026-06-28 12:36:40,705] Trial 61 pruned. 
[I 2026-06-28 12:36:46,989] Trial 62 finished with value: 11.761211049238609 and parameters: {'learning_rate': 0.00389114584911834, 'max_depth': 8, 'min_child_weight': 6.071711410610565, 'subsample': 0.7702989772917765, 'colsample_bytree': 0.7268877919783546, 'reg_lambda': 0.08480863639244952, 'reg_alpha': 0.013695598313773113, 'gamma': 0.003317603047163617}. Best is trial 57 with value: 11.745531537887862.
[I 2026-06-28 12:36:53,584] Trial 63 finished with value: 11.765605644235322 and parameters: {'learning_rate': 0.003840840764515207, 'max_depth': 8, 'min_child_weight': 5.9808508327442205, 'subsample': 0.828857704415047, 'colsample_bytree': 0.7770556109956932, 'reg_lambda': 0.07773542892577033, 'reg_alpha': 0.017157171859720537, 'gamma': 0.0014886393043072662}. Best is trial 57 with value: 11.745531537887862.
[I 2026-06-28 12:36:59,800] Trial 64 pruned. 
[I 2026-06-28 12:37:03,551] Trial 65 pruned. 
[I 2026-06-28 12:37:07,202] Trial 66 finished with value: 11.780267646928023 and parameters: {'learning_rate': 0.007775702595613584, 'max_depth': 7, 'min_child_weight': 4.119628361170936, 'subsample': 0.812368649758753, 'colsample_bytree': 0.7026657310477865, 'reg_lambda': 0.29735729706960123, 'reg_alpha': 0.026320158781784803, 'gamma': 0.018293675779025475}. Best is trial 57 with value: 11.745531537887862.
[I 2026-06-28 12:37:11,036] Trial 67 pruned. 
[I 2026-06-28 12:37:17,786] Trial 68 finished with value: 11.752108950416764 and parameters: {'learning_rate': 0.003657275225802323, 'max_depth': 9, 'min_child_weight': 6.680041091734582, 'subsample': 0.7661065884420638, 'colsample_bytree': 0.6628771604240339, 'reg_lambda': 0.024062261803756094, 'reg_alpha': 0.005676162296931216, 'gamma': 0.0014323904097229144}. Best is trial 57 with value: 11.745531537887862.
[I 2026-06-28 12:37:18,317] Trial 69 pruned. 
[I 2026-06-28 12:37:25,712] Trial 70 finished with value: 11.749380762059687 and parameters: {'learning_rate': 0.003333556056487874, 'max_depth': 10, 'min_child_weight': 13.648357875920361, 'subsample': 0.7632041413044918, 'colsample_bytree': 0.5923999721290838, 'reg_lambda': 0.03818693738116431, 'reg_alpha': 0.0071693240554084195, 'gamma': 0.00267657575477873}. Best is trial 57 with value: 11.745531537887862.
[I 2026-06-28 12:37:33,223] Trial 71 finished with value: 11.738007072267408 and parameters: {'learning_rate': 0.003286078996790061, 'max_depth': 10, 'min_child_weight': 13.21554428061088, 'subsample': 0.764115750220256, 'colsample_bytree': 0.5945771257911864, 'reg_lambda': 0.03733071715299287, 'reg_alpha': 0.004862767090106072, 'gamma': 0.0032470596313810517}. Best is trial 71 with value: 11.738007072267408.
[I 2026-06-28 12:37:40,393] Trial 72 finished with value: 11.747944068788486 and parameters: {'learning_rate': 0.003230355816675545, 'max_depth': 10, 'min_child_weight': 15.899156376125736, 'subsample': 0.7229882537474716, 'colsample_bytree': 0.5600417418464632, 'reg_lambda': 0.039476064851310465, 'reg_alpha': 0.007772380693509742, 'gamma': 0.0027646181560337063}. Best is trial 71 with value: 11.738007072267408.
[I 2026-06-28 12:37:48,112] Trial 73 finished with value: 11.733209619138652 and parameters: {'learning_rate': 0.0031576750339684925, 'max_depth': 10, 'min_child_weight': 13.572864586192024, 'subsample': 0.7231438782369801, 'colsample_bytree': 0.5389361139914841, 'reg_lambda': 0.035491882918287185, 'reg_alpha': 0.0062149133137044885, 'gamma': 0.0027172492196518923}. Best is trial 73 with value: 11.733209619138652.
[I 2026-06-28 12:37:54,100] Trial 74 pruned. 
[I 2026-06-28 12:38:03,124] Trial 75 finished with value: 11.754467406891866 and parameters: {'learning_rate': 0.002301204157795725, 'max_depth': 10, 'min_child_weight': 13.89106176269439, 'subsample': 0.7121681392472622, 'colsample_bytree': 0.5513060420225274, 'reg_lambda': 0.013932959819481642, 'reg_alpha': 0.0024207224159484633, 'gamma': 0.0012471675908615285}. Best is trial 73 with value: 11.733209619138652.
[I 2026-06-28 12:38:11,936] Trial 76 finished with value: 11.752848484131416 and parameters: {'learning_rate': 0.00237120848325028, 'max_depth': 10, 'min_child_weight': 14.017955367107191, 'subsample': 0.7222488244570832, 'colsample_bytree': 0.5530291590882839, 'reg_lambda': 0.013693956253969405, 'reg_alpha': 0.0024694888789421475, 'gamma': 0.0014573214058125714}. Best is trial 73 with value: 11.733209619138652.
[I 2026-06-28 12:38:14,985] Trial 77 pruned. 
[I 2026-06-28 12:38:23,177] Trial 78 finished with value: 11.747124810881994 and parameters: {'learning_rate': 0.002712667499601409, 'max_depth': 10, 'min_child_weight': 16.51926071804356, 'subsample': 0.7524183754235005, 'colsample_bytree': 0.5571158195669323, 'reg_lambda': 0.04374220940128776, 'reg_alpha': 0.005823800976627436, 'gamma': 0.0031669811696395968}. Best is trial 73 with value: 11.733209619138652.
[I 2026-06-28 12:38:30,228] Trial 79 pruned. 
[I 2026-06-28 12:38:33,713] Trial 80 pruned. 
[I 2026-06-28 12:38:41,914] Trial 81 finished with value: 11.746208932813833 and parameters: {'learning_rate': 0.002780909592064673, 'max_depth': 10, 'min_child_weight': 11.889100557971563, 'subsample': 0.6985891140271718, 'colsample_bytree': 0.5454625350417497, 'reg_lambda': 0.015931221447554943, 'reg_alpha': 0.002973665294639357, 'gamma': 0.0015270045379213188}. Best is trial 73 with value: 11.733209619138652.
[I 2026-06-28 12:38:50,980] Trial 82 finished with value: 11.736235644270867 and parameters: {'learning_rate': 0.0027309502628462957, 'max_depth': 10, 'min_child_weight': 9.233620641625096, 'subsample': 0.6976270206452618, 'colsample_bytree': 0.5349307495964307, 'reg_lambda': 0.007730845776813052, 'reg_alpha': 0.0033947673260008304, 'gamma': 0.001620181326252456}. Best is trial 73 with value: 11.733209619138652.
[I 2026-06-28 12:38:59,161] Trial 83 finished with value: 11.747785561445642 and parameters: {'learning_rate': 0.002821698974220405, 'max_depth': 10, 'min_child_weight': 10.134914412125283, 'subsample': 0.6365582990905688, 'colsample_bytree': 0.5190350512390385, 'reg_lambda': 0.010045583987027033, 'reg_alpha': 0.0010141011467081238, 'gamma': 0.001708328006411201}. Best is trial 73 with value: 11.733209619138652.
[I 2026-06-28 12:39:07,512] Trial 84 finished with value: 11.761911787111625 and parameters: {'learning_rate': 0.0027737270528243323, 'max_depth': 10, 'min_child_weight': 9.259341885378293, 'subsample': 0.6340169116899793, 'colsample_bytree': 0.5227287628320565, 'reg_lambda': 0.008151849293694832, 'reg_alpha': 0.001019273097834729, 'gamma': 0.0016999929285272813}. Best is trial 73 with value: 11.733209619138652.
[I 2026-06-28 12:39:11,076] Trial 85 pruned. 
[I 2026-06-28 12:39:14,759] Trial 86 pruned. 
[I 2026-06-28 12:39:23,243] Trial 87 finished with value: 11.739961799884114 and parameters: {'learning_rate': 0.00273994784882901, 'max_depth': 10, 'min_child_weight': 10.100561713281978, 'subsample': 0.6924976642658792, 'colsample_bytree': 0.5720615370429669, 'reg_lambda': 0.017908940857601773, 'reg_alpha': 0.003204566269670272, 'gamma': 0.002041404387126143}. Best is trial 73 with value: 11.733209619138652.
[I 2026-06-28 12:39:32,074] Trial 88 finished with value: 11.735802152321915 and parameters: {'learning_rate': 0.0026604193132655943, 'max_depth': 10, 'min_child_weight': 9.632396814202234, 'subsample': 0.6155641245307092, 'colsample_bytree': 0.5729029310129627, 'reg_lambda': 0.0087843707569693, 'reg_alpha': 0.0031919381681700873, 'gamma': 0.002097125926685701}. Best is trial 73 with value: 11.733209619138652.
[I 2026-06-28 12:39:39,411] Trial 89 pruned. 
[I 2026-06-28 12:39:45,922] Trial 90 pruned. 
[I 2026-06-28 12:39:53,459] Trial 91 pruned. 
[I 2026-06-28 12:40:02,040] Trial 92 finished with value: 11.742864770741594 and parameters: {'learning_rate': 0.0027346913382693865, 'max_depth': 10, 'min_child_weight': 9.886297967388082, 'subsample': 0.6953860046847441, 'colsample_bytree': 0.5411975755944692, 'reg_lambda': 0.012158475858496288, 'reg_alpha': 0.004487164764860113, 'gamma': 0.0033496593388290205}. Best is trial 73 with value: 11.733209619138652.
[I 2026-06-28 12:40:11,464] Trial 93 finished with value: 11.735645531356639 and parameters: {'learning_rate': 0.0025063780018318832, 'max_depth': 10, 'min_child_weight': 8.24646932104659, 'subsample': 0.703487360635918, 'colsample_bytree': 0.5709534852980922, 'reg_lambda': 0.01631833694961909, 'reg_alpha': 0.010418089587234093, 'gamma': 0.0050404116168556}. Best is trial 73 with value: 11.733209619138652.
[I 2026-06-28 12:40:19,273] Trial 94 pruned. 
[I 2026-06-28 12:40:28,327] Trial 95 finished with value: 11.73575841199752 and parameters: {'learning_rate': 0.002427677007331901, 'max_depth': 10, 'min_child_weight': 11.773028687670479, 'subsample': 0.7053175144284562, 'colsample_bytree': 0.6186484754621094, 'reg_lambda': 0.028109931399679263, 'reg_alpha': 0.004353406601166866, 'gamma': 0.11093312922470311}. Best is trial 73 with value: 11.733209619138652.
[I 2026-06-28 12:40:38,241] Trial 96 finished with value: 11.762191888888902 and parameters: {'learning_rate': 0.0024988997428011103, 'max_depth': 10, 'min_child_weight': 5.403627039359515, 'subsample': 0.6852909677432999, 'colsample_bytree': 0.5423278896923681, 'reg_lambda': 0.029000228161405833, 'reg_alpha': 0.004413331513077739, 'gamma': 0.061974401598033406}. Best is trial 73 with value: 11.733209619138652.
[I 2026-06-28 12:40:48,221] Trial 97 finished with value: 11.757019362259353 and parameters: {'learning_rate': 0.001966205928298062, 'max_depth': 10, 'min_child_weight': 8.999933086345974, 'subsample': 0.7049256935026215, 'colsample_bytree': 0.5829703319961078, 'reg_lambda': 0.02323051089179535, 'reg_alpha': 0.010972437298071968, 'gamma': 0.10443621277902175}. Best is trial 73 with value: 11.733209619138652.
[I 2026-06-28 12:40:52,186] Trial 98 pruned. 
[I 2026-06-28 12:40:54,158] Trial 99 pruned. 
2026-06-28 12:40:54,207 INFO [xgb] best trial #73  MAE=11.733h
2026-06-28 12:40:55,681 INFO [xgb] fold 1/5  MAE=11.57h
2026-06-28 12:40:56,843 INFO [xgb] fold 2/5  MAE=11.66h
2026-06-28 12:40:58,247 INFO [xgb] fold 3/5  MAE=11.86h
2026-06-28 12:40:59,789 INFO [xgb] fold 4/5  MAE=11.58h
2026-06-28 12:41:01,150 INFO [xgb] fold 5/5  MAE=12.04h
2026-06-28 12:41:02,532 INFO [xgb] saved -> /home/aubjpm001/portsDFL/prediction_models/artifacts/xgb.pkl  (CV MAE 11.740 h)
2026-06-28 12:41:02,532 INFO Done. Artifacts in /home/aubjpm001/portsDFL/prediction_models/artifacts ; run scripts/compare.py for the leaderboard.
