number,value,params_colsample_bytree,params_gamma,params_learning_rate,params_max_depth,params_min_child_weight,params_reg_alpha,params_reg_lambda,params_subsample,user_attrs_mae_per_fold,user_attrs_mape_per_fold,user_attrs_r2_per_fold,user_attrs_rmse_per_fold,state
72,11.747944068788486,0.5600417418464632,0.0027646181560337063,0.003230355816675545,10,15.899156376125736,0.007772380693509742,0.039476064851310465,0.7229882537474716,"[11.577657986028465, 11.615665303857538, 11.871613445748299, 11.623493482075636, 12.05129012623249]","[0.38681891160144327, 0.39586969014986506, 0.4393379682320982, 0.39069727892912176, 0.3853090047643275]","[0.6200319217806034, 0.6033017022324396, 0.5626618874114755, 0.6222274895263764, 0.6106030900267859]","[18.313745788972103, 18.589320120948816, 18.794460861763937, 17.1661333347803, 18.73893006671754]",COMPLETE
73,11.733209619138652,0.5389361139914841,0.0027172492196518923,0.0031576750339684925,10,13.572864586192024,0.0062149133137044885,0.035491882918287185,0.7231438782369801,"[11.566085058575098, 11.602864333455877, 11.834098377296025, 11.61307440864663, 12.049925917719628]","[0.38714262290512585, 0.3938319565478818, 0.43806923277361676, 0.39118812067035763, 0.3857210549893958]","[0.6202122196427579, 0.6037347099829713, 0.5616656636772333, 0.6233766144695752, 0.6109999124211825]","[18.30940026471107, 18.57917195866637, 18.815854878078277, 17.14000510260183, 18.729379499764587]",COMPLETE
74,11.752625405745771,0.5242501994923797,0.0025449403565825034,0.0031724200088290716,10,28.49477164621499,0.005204025071427787,0.03810090826643656,0.6974908840906905,,,,,PRUNED
75,11.754467406891866,0.5513060420225274,0.0012471675908615285,0.002301204157795725,10,13.89106176269439,0.0024207224159484633,0.013932959819481642,0.7121681392472622,"[11.597448044471536, 11.631445045107236, 11.886476434322077, 11.600372937071088, 12.056594573487384]","[0.38945823668309093, 0.3951785790047762, 0.44162733378141716, 0.39133877190551203, 0.3876044656066495]","[0.6197015444988068, 0.6025752070037713, 0.5626596238717312, 0.6242577835263154, 0.6098072947799781]","[18.321705840454896, 18.60633415273136, 18.79450949913724, 17.119942505381925, 18.75806830321028]",COMPLETE
76,11.752848484131416,0.5530291590882839,0.0014573214058125714,0.00237120848325028,10,14.017955367107191,0.0024694888789421475,0.013693956253969405,0.7222488244570832,"[11.606002305189485, 11.637577369288454, 11.893029652199152, 11.601099248805356, 12.026533845174638]","[0.38940521872115075, 0.3957076008402447, 0.4412957753039764, 0.39132035834629436, 0.3851835576199987]","[0.6190542826187009, 0.6030186812182459, 0.5624307131675905, 0.6244105845682308, 0.610809840525447]","[18.337290836863396, 18.595950134505852, 18.79942752388137, 17.116461114491074, 18.733954683713492]",COMPLETE
77,12.071928374854028,0.5913903578730021,0.0022570067229505278,0.0015548427619444078,10,57.464458289569684,0.0014697312960270405,0.030206533568227254,0.7279815157689331,,,,,PRUNED
78,11.747124810881994,0.5571158195669323,0.0031669811696395968,0.002712667499601409,10,16.51926071804356,0.005823800976627436,0.04374220940128776,0.7524183754235005,"[11.58983587561865, 11.618860190982398, 11.867337725087156, 11.618486546247434, 12.041103716474332]","[0.3873516519607921, 0.39291043952103893, 0.4389664583160615, 0.3937420225879612, 0.3841640800035677]","[0.6203428084416489, 0.6028771047543668, 0.5623640032575514, 0.6260333414950034, 0.6109762255772009]","[18.306252180066657, 18.599265799562144, 18.800860508738076, 17.07944473237315, 18.729949722177082]",COMPLETE
79,12.157764149252403,0.5640947536593551,0.1939428869029332,0.0011840358693200415,10,17.498780482519415,0.007804156951016072,0.052679123160002055,0.6739750586563801,,,,,PRUNED
80,11.731461022251336,0.592934991786166,0.003267227131317436,0.0017559909250729558,10,25.176475842715366,0.00489735461048145,0.04270603895137496,0.7522854529055946,,,,,PRUNED
81,11.746208932813833,0.5454625350417497,0.0015270045379213188,0.002780909592064673,10,11.889100557971563,0.002973665294639357,0.015931221447554943,0.6985891140271718,"[11.579252860285942, 11.641256257900542, 11.858979750049205, 11.5985401007414, 12.053015695092075]","[0.38682966984078393, 0.39967283343079574, 0.4396291285205092, 0.39099703119745594, 0.38547808716077125]","[0.6195894971557278, 0.6032936794471491, 0.5628636686038204, 0.6245702422728967, 0.610782567974758]","[18.32440470399391, 18.589508094240905, 18.79012462150802, 17.112822746024204, 18.734611064361676]",COMPLETE
82,11.736235644270867,0.5349307495964307,0.001620181326252456,0.0027309502628462957,10,9.233620641625096,0.0033947673260008304,0.007730845776813052,0.6976270206452618,"[11.564782033907777, 11.660080221741415, 11.849496106470207, 11.578255448941325, 12.028564410293612]","[0.3866124760356801, 0.39620297061258075, 0.4398005579542195, 0.3884037639984692, 0.38532542223428273]","[0.6196729658527746, 0.6012488200948626, 0.5629308399408479, 0.622001783260985, 0.6125216731410466]","[18.322394246760087, 18.637357180668076, 18.788680899957896, 17.171260660340593, 18.69270911837466]",COMPLETE
83,11.747785561445642,0.5190350512390385,0.001708328006411201,0.002821698974220405,10,10.134914412125283,0.0010141011467081238,0.010045583987027033,0.6365582990905688,"[11.59001962431997, 11.648154482559995, 11.887490592290051, 11.590366159824653, 12.022896948233537]","[0.38999349761908475, 0.39674856950515713, 0.44169292696688467, 0.3900432739641198, 0.3839856623759134]","[0.6187060864842987, 0.6012112609023246, 0.5633834548962807, 0.6232810479834398, 0.6111965991707644]","[18.34566934742831, 18.638234905473787, 18.778949899107012, 17.142179564181603, 18.7246439140083]",COMPLETE
84,11.761911787111625,0.5227287628320565,0.0016999929285272813,0.0027737270528243323,10,9.259341885378293,0.001019273097834729,0.008151849293694832,0.6340169116899793,"[11.604710377719906, 11.652759433603032, 11.892604012224883, 11.581002369336451, 12.07848274267385]","[0.38950272875355635, 0.39873165599302185, 0.44264758645110575, 0.38791721583318156, 0.38678426960073703]","[0.6183895417960716, 0.6028151572265026, 0.56212077731086, 0.6223288726818009, 0.6093598349793334]","[18.353282922166542, 18.600716400397992, 18.80608428139344, 17.163829734734477, 18.768820780678144]",COMPLETE
85,11.696075706476247,0.5458902955491506,0.38009103888847173,0.001849187623859889,10,17.205116714630556,0.0017687677805822916,0.006069120133991921,0.6289677681868645,,,,,PRUNED
86,11.9554619686477,0.5007177637946971,0.005504928396311565,0.001300270320768788,10,12.029773583476857,0.003678281226332301,0.011838982450825512,0.5361186955218875,,,,,PRUNED
87,11.739961799884114,0.5720615370429669,0.002041404387126143,0.00273994784882901,10,10.100561713281978,0.003204566269670272,0.017908940857601773,0.6924976642658792,"[11.592389858771309, 11.635624723087554, 11.830043138630275, 11.594979721915529, 12.046771557015898]","[0.3887854695505155, 0.397572015354456, 0.4388909042823887, 0.38846287564482973, 0.38484632576218136]","[0.6193006013460335, 0.6027346609125455, 0.5642162278743013, 0.6224438607040121, 0.6104634803684454]","[18.331361450715907, 18.6026011818534, 18.76103249958224, 17.16121663441908, 18.742288980347695]",COMPLETE
88,11.735802152321915,0.5729029310129627,0.002097125926685701,0.0026604193132655943,10,9.632396814202234,0.0031919381681700873,0.0087843707569693,0.6155641245307092,"[11.582998159689497, 11.647380872304481, 11.839270669587965, 11.558480507743168, 12.050880552284472]","[0.38737774660938984, 0.3987502170862079, 0.4393418137074815, 0.38690522538026545, 0.3844619686859603]","[0.6196459362541689, 0.6020347420706806, 0.562062154718439, 0.6232473870899569, 0.6104393682671132]","[18.323045315601657, 18.618981394154122, 18.80734310398681, 17.142945397952708, 18.742869040181876]",COMPLETE
89,11.699431164320126,0.5761750780041197,0.0012923667635391677,0.0021507771395678573,10,12.302889098059806,0.0030150790966583254,0.017581898322476214,0.6644959981301178,,,,,PRUNED
90,11.714799673186217,0.5338826393272322,0.002292341159072061,0.0027047195782441526,10,19.83255502409719,0.0030328591740379535,0.008208897795331642,0.6525845872343395,,,,,PRUNED
91,11.710139598985762,0.5170244904944338,0.0016919742753063144,0.001913415653771519,10,9.46236007346823,0.0017757753590833827,0.0053961665959049885,0.6121520461787671,,,,,PRUNED
92,11.742864770741594,0.5411975755944692,0.0033496593388290205,0.0027346913382693865,10,9.886297967388082,0.004487164764860113,0.012158475858496288,0.6953860046847441,"[11.573842638194312, 11.655303900200623, 11.85290370052886, 11.599396613672083, 12.032877001112093]","[0.38920948610350065, 0.3968596880870592, 0.4400989354939133, 0.3915212583915849, 0.385426167563692]","[0.6212240202561288, 0.6019126210774621, 0.5619849739311342, 0.6237220030076029, 0.6118971002165974]","[18.28499476990758, 18.621837917491167, 18.80900030444837, 17.13214404112328, 18.707768359482397]",COMPLETE
93,11.735645531356639,0.5709534852980922,0.0050404116168556,0.0025063780018318832,10,8.24646932104659,0.010418089587234093,0.01631833694961909,0.703487360635918,"[11.568243905853926, 11.66992712959194, 11.806651014818204, 11.568900126478255, 12.064505480040866]","[0.38731784297201705, 0.396148077882069, 0.4383345520574908, 0.38933131932911086, 0.38622912207046306]","[0.6198746909439102, 0.5987424847111877, 0.5646479978310879, 0.6230573400738475, 0.6108753942807901]","[18.31753451217962, 18.695837630505423, 18.751736079930343, 17.147268599378005, 18.732376878147544]",COMPLETE
94,11.682902882251273,0.5705650608770773,0.004695050967913113,0.0022510776789455267,10,7.764015537489135,0.010605704646393868,0.015464378146606013,0.6957392505665332,,,,,PRUNED
95,11.73575841199752,0.6186484754621094,0.11093312922470311,0.002427677007331901,10,11.773028687670479,0.004353406601166866,0.028109931399679263,0.7053175144284562,"[11.591476996313197, 11.627094538636909, 11.822803473657416, 11.616386111719523, 12.021030939660546]","[0.3879593658820588, 0.3981545210308842, 0.4379280165993534, 0.39090705024296907, 0.3841731250001266]","[0.6192162710079012, 0.6036802109458574, 0.5651362559691646, 0.6212548598542469, 0.6109774731613793]","[18.333391667095746, 18.58044952724946, 18.741217859935844, 17.188217469062604, 18.729919689041317]",COMPLETE
96,11.762191888888902,0.5423278896923681,0.061974401598033406,0.0024988997428011103,10,5.403627039359515,0.004413331513077739,0.029000228161405833,0.6852909677432999,"[11.580083696289153, 11.690878811405753, 11.865546360482185, 11.582022673584694, 12.09242790268272]","[0.3889230590963074, 0.4002418493181663, 0.44138136404532674, 0.3891747647887062, 0.3864749080052391]","[0.6197193200555405, 0.599398753703299, 0.5618769704417957, 0.62198195792791, 0.6089206251566822]","[18.321277647383578, 18.680542565686768, 18.81131907473367, 17.171710955452138, 18.779369023523106]",COMPLETE
97,11.757019362259353,0.5829703319961078,0.10443621277902175,0.001966205928298062,10,8.999933086345974,0.010972437298071968,0.02323051089179535,0.7049256935026215,"[11.591045735631589, 11.646783097130099, 11.856895422494759, 11.620622595535124, 12.069749960505192]","[0.3917847150217008, 0.39887838717648033, 0.4431085964332025, 0.39436942900737637, 0.38912977056100634]","[0.6207548910980046, 0.6013645661114785, 0.5666673500740629, 0.6230429663156061, 0.6099082616196694]","[18.296314613625995, 18.63465203955672, 18.708196171504444, 17.147595530195293, 18.755641213485553]",COMPLETE
98,11.761788975630903,0.6200992307838816,0.003757319997171066,0.001398667816575062,10,11.81387495866257,0.021254321208718726,0.01227838965101592,0.6710514336304255,,,,,PRUNED
99,11.66083351375805,0.5987388318344496,0.002026189018428758,0.0049303063961962795,10,23.234502722741276,0.003005331923509664,0.01880308141633144,0.6877711207470502,,,,,PRUNED
